2020-01-19 10:20:11.092 INFO  Searched for ChIJmeP65Ym5yhQR4CKL7X6E8DQ - ChIJqZW8Cvb_n0ARBuUkyCzgDDg 
2020-01-19 10:24:27.126 INFO  Express TTP server listening on port 80 
2020-01-19 10:24:27.126 INFO  Express HTTP server listening on port 443 
2020-01-19 10:24:27.142 INFO  Mysql connected 
2020-01-19 10:53:01.867 INFO  restricted area 
2020-01-19 12:24:30.052 INFO  Searched for ChIJqZW8Cvb_n0ARBuUkyCzgDDg - ChIJm9GhlGi3yhQRaDyC_UX_iPY 
2020-01-19 12:24:30.052 INFO  Searched for ChIJqZW8Cvb_n0ARBuUkyCzgDDg - ChIJm9GhlGi3yhQRaDyC_UX_iPY 
2020-01-19 12:25:06.279 INFO  Searched for ChIJqZW8Cvb_n0ARBuUkyCzgDDg - ChIJm9GhlGi3yhQRaDyC_UX_iPY 
2020-01-19 12:25:06.279 INFO  Searched for ChIJqZW8Cvb_n0ARBuUkyCzgDDg - ChIJm9GhlGi3yhQRaDyC_UX_iPY 
2020-01-22 16:51:54.051 INFO  Searched for ChIJqZW8Cvb_n0ARBuUkyCzgDDg - ChIJ4fRwZb25yhQRpHwVijb3LeU 
2020-01-22 16:51:54.051 INFO  Searched for ChIJqZW8Cvb_n0ARBuUkyCzgDDg - ChIJ4fRwZb25yhQRpHwVijb3LeU 
2020-01-22 20:32:21.030 INFO  Searched for undefined - undefined 
2020-01-22 20:32:21.030 INFO  Searched for undefined - undefined 
2020-01-22 20:32:36.951 INFO  Searched for undefined - undefined 
2020-01-22 20:32:36.951 INFO  Searched for undefined - undefined 
2020-01-22 23:26:26.686 INFO  Searched for ChIJmeP65Ym5yhQR4CKL7X6E8DQ - ChIJqZW8Cvb_n0ARBuUkyCzgDDg 
2020-01-22 23:26:26.686 INFO  Searched for ChIJmeP65Ym5yhQR4CKL7X6E8DQ - ChIJqZW8Cvb_n0ARBuUkyCzgDDg 
2020-01-23 20:23:52.623 INFO  Searched for ChIJmeP65Ym5yhQR4CKL7X6E8DQ - ChIJqZW8Cvb_n0ARBuUkyCzgDDg 
2020-01-23 20:23:52.623 INFO  Searched for ChIJmeP65Ym5yhQR4CKL7X6E8DQ - ChIJqZW8Cvb_n0ARBuUkyCzgDDg 
2020-01-25 18:04:47.927 INFO  Searched for ChIJqZW8Cvb_n0ARBuUkyCzgDDg - ChIJ4fRwZb25yhQRpHwVijb3LeU 
2020-01-25 18:04:47.927 INFO  Searched for ChIJqZW8Cvb_n0ARBuUkyCzgDDg - ChIJ4fRwZb25yhQRpHwVijb3LeU 
2020-01-25 18:05:30.734 INFO  Book 10220 has inserted 
2020-01-25 18:05:30.734 INFO  Book 10220 has inserted 
2020-01-25 18:05:31.993 INFO  E-mail sent to yusufergungenco@gmail.com 
2020-01-26 21:22:04.866 INFO  Searched for ChIJH54IkZK1yhQRkBl0wdjBUjM - ChIJqZW8Cvb_n0ARBuUkyCzgDDg 
2020-01-26 21:22:04.867 INFO  Searched for ChIJH54IkZK1yhQRkBl0wdjBUjM - ChIJqZW8Cvb_n0ARBuUkyCzgDDg 
2020-01-29 05:58:15.572 INFO  Searched for ChIJmeP65Ym5yhQR4CKL7X6E8DQ - ChIJU6Ek9MvbyhQRdNqYgE3K76w 
2020-01-29 05:58:15.572 INFO  Searched for ChIJmeP65Ym5yhQR4CKL7X6E8DQ - ChIJU6Ek9MvbyhQRdNqYgE3K76w 
2020-01-29 05:59:10.683 INFO  Searched for ChIJmeP65Ym5yhQR4CKL7X6E8DQ - ChIJU6Ek9MvbyhQRdNqYgE3K76w 
2020-01-29 05:59:10.683 INFO  Searched for ChIJmeP65Ym5yhQR4CKL7X6E8DQ - ChIJU6Ek9MvbyhQRdNqYgE3K76w 
2020-01-29 05:59:34.007 INFO  Searched for ChIJmeP65Ym5yhQR4CKL7X6E8DQ - ChIJU6Ek9MvbyhQRdNqYgE3K76w 
2020-01-29 05:59:34.007 INFO  Searched for ChIJmeP65Ym5yhQR4CKL7X6E8DQ - ChIJU6Ek9MvbyhQRdNqYgE3K76w 
2020-01-29 05:59:51.460 INFO  Searched for ChIJmeP65Ym5yhQR4CKL7X6E8DQ - ChIJU6Ek9MvbyhQRdNqYgE3K76w 
2020-01-29 05:59:51.460 INFO  Searched for ChIJmeP65Ym5yhQR4CKL7X6E8DQ - ChIJU6Ek9MvbyhQRdNqYgE3K76w 
2020-01-29 06:00:25.735 INFO  Searched for ChIJmeP65Ym5yhQR4CKL7X6E8DQ - ChIJU6Ek9MvbyhQRdNqYgE3K76w 
2020-01-29 06:00:25.735 INFO  Searched for ChIJmeP65Ym5yhQR4CKL7X6E8DQ - ChIJU6Ek9MvbyhQRdNqYgE3K76w 
2020-01-29 06:00:30.485 INFO  Searched for ChIJmeP65Ym5yhQR4CKL7X6E8DQ - ChIJU6Ek9MvbyhQRdNqYgE3K76w 
2020-01-29 06:00:30.485 INFO  Searched for ChIJmeP65Ym5yhQR4CKL7X6E8DQ - ChIJU6Ek9MvbyhQRdNqYgE3K76w 
2020-01-29 06:07:58.134 INFO  Searched for ChIJmeP65Ym5yhQR4CKL7X6E8DQ - ChIJU6Ek9MvbyhQRdNqYgE3K76w 
2020-01-29 06:07:58.134 INFO  Searched for ChIJmeP65Ym5yhQR4CKL7X6E8DQ - ChIJU6Ek9MvbyhQRdNqYgE3K76w 
2020-01-29 06:10:49.110 INFO  Searched for ChIJmeP65Ym5yhQR4CKL7X6E8DQ - ChIJU6Ek9MvbyhQRdNqYgE3K76w 
2020-01-29 06:10:49.110 INFO  Searched for ChIJmeP65Ym5yhQR4CKL7X6E8DQ - ChIJU6Ek9MvbyhQRdNqYgE3K76w 
2020-01-29 06:11:09.925 INFO  Searched for ChIJmeP65Ym5yhQR4CKL7X6E8DQ - ChIJU6Ek9MvbyhQRdNqYgE3K76w 
2020-01-29 06:11:09.925 INFO  Searched for ChIJmeP65Ym5yhQR4CKL7X6E8DQ - ChIJU6Ek9MvbyhQRdNqYgE3K76w 
2020-01-29 06:11:46.396 INFO  Searched for ChIJmeP65Ym5yhQR4CKL7X6E8DQ - ChIJU6Ek9MvbyhQRdNqYgE3K76w 
2020-01-29 06:11:46.396 INFO  Searched for ChIJmeP65Ym5yhQR4CKL7X6E8DQ - ChIJU6Ek9MvbyhQRdNqYgE3K76w 
2020-01-29 06:12:50.335 INFO  Searched for ChIJmeP65Ym5yhQR4CKL7X6E8DQ - ChIJU6Ek9MvbyhQRdNqYgE3K76w 
2020-01-29 06:12:50.335 INFO  Searched for ChIJmeP65Ym5yhQR4CKL7X6E8DQ - ChIJU6Ek9MvbyhQRdNqYgE3K76w 
2020-01-29 06:17:59.409 INFO  Searched for ChIJZ1GiDeG5yhQRoXDwSCNgkFI - undefined 
2020-01-29 06:17:59.409 INFO  Searched for ChIJZ1GiDeG5yhQRoXDwSCNgkFI - undefined 
2020-01-29 06:18:39.893 INFO  Searched for ChIJZ1GiDeG5yhQRoXDwSCNgkFI - undefined 
2020-01-29 06:18:39.893 INFO  Searched for ChIJZ1GiDeG5yhQRoXDwSCNgkFI - undefined 
2020-01-29 06:18:51.327 INFO  Searched for ChIJZ1GiDeG5yhQRoXDwSCNgkFI - undefined 
2020-01-29 06:18:51.327 INFO  Searched for ChIJZ1GiDeG5yhQRoXDwSCNgkFI - undefined 
2020-01-29 06:20:49.301 INFO  Searched for ChIJZ1GiDeG5yhQRoXDwSCNgkFI - undefined 
2020-01-29 06:20:49.301 INFO  Searched for ChIJZ1GiDeG5yhQRoXDwSCNgkFI - undefined 
2020-01-29 06:20:59.212 INFO  Searched for ChIJZ1GiDeG5yhQRoXDwSCNgkFI - undefined 
2020-01-29 06:20:59.212 INFO  Searched for ChIJZ1GiDeG5yhQRoXDwSCNgkFI - undefined 
2020-01-29 06:21:03.506 INFO  Searched for ChIJZ1GiDeG5yhQRoXDwSCNgkFI - undefined 
2020-01-29 06:21:03.506 INFO  Searched for ChIJZ1GiDeG5yhQRoXDwSCNgkFI - undefined 
2020-01-29 06:21:18.691 INFO  Searched for ChIJZ1GiDeG5yhQRoXDwSCNgkFI - undefined 
2020-01-29 06:21:18.691 INFO  Searched for ChIJZ1GiDeG5yhQRoXDwSCNgkFI - undefined 
2020-01-29 06:23:53.690 INFO  Searched for ChIJZ1GiDeG5yhQRoXDwSCNgkFI - undefined 
2020-01-29 06:23:53.690 INFO  Searched for ChIJZ1GiDeG5yhQRoXDwSCNgkFI - undefined 
2020-01-29 06:24:15.510 INFO  Searched for ChIJU6Ek9MvbyhQRdNqYgE3K76w - ChIJV4uxDRrKyhQRtRZspR4L6E0 
2020-01-29 06:24:15.510 INFO  Searched for ChIJU6Ek9MvbyhQRdNqYgE3K76w - ChIJV4uxDRrKyhQRtRZspR4L6E0 
2020-01-29 06:24:30.763 INFO  Searched for ChIJU6Ek9MvbyhQRdNqYgE3K76w - ChIJV4uxDRrKyhQRtRZspR4L6E0 
2020-01-29 06:24:30.763 INFO  Searched for ChIJU6Ek9MvbyhQRdNqYgE3K76w - ChIJV4uxDRrKyhQRtRZspR4L6E0 
2020-01-29 06:26:07.159 INFO  Searched for ChIJU6Ek9MvbyhQRdNqYgE3K76w - ChIJV4uxDRrKyhQRtRZspR4L6E0 
2020-01-29 06:26:07.159 INFO  Searched for ChIJU6Ek9MvbyhQRdNqYgE3K76w - ChIJV4uxDRrKyhQRtRZspR4L6E0 
2020-01-29 06:28:16.394 INFO  Searched for ChIJU6Ek9MvbyhQRdNqYgE3K76w - ChIJV4uxDRrKyhQRtRZspR4L6E0 
2020-01-29 06:28:16.394 INFO  Searched for ChIJU6Ek9MvbyhQRdNqYgE3K76w - ChIJV4uxDRrKyhQRtRZspR4L6E0 
2020-01-29 06:38:07.239 INFO  Searched for ChIJU6Ek9MvbyhQRdNqYgE3K76w - ChIJV4uxDRrKyhQRtRZspR4L6E0 
2020-01-29 06:38:07.239 INFO  Searched for ChIJU6Ek9MvbyhQRdNqYgE3K76w - ChIJV4uxDRrKyhQRtRZspR4L6E0 
2020-01-29 06:38:19.818 INFO  Searched for ChIJU6Ek9MvbyhQRdNqYgE3K76w - ChIJV4uxDRrKyhQRtRZspR4L6E0 
2020-01-29 06:38:19.818 INFO  Searched for ChIJU6Ek9MvbyhQRdNqYgE3K76w - ChIJV4uxDRrKyhQRtRZspR4L6E0 
2020-01-29 06:38:39.414 INFO  Searched for ChIJU6Ek9MvbyhQRdNqYgE3K76w - ChIJV4uxDRrKyhQRtRZspR4L6E0 
2020-01-29 06:38:39.414 INFO  Searched for ChIJU6Ek9MvbyhQRdNqYgE3K76w - ChIJV4uxDRrKyhQRtRZspR4L6E0 
2020-01-29 06:39:01.995 INFO  Searched for ChIJU6Ek9MvbyhQRdNqYgE3K76w - ChIJV4uxDRrKyhQRtRZspR4L6E0 
2020-01-29 06:39:01.995 INFO  Searched for ChIJU6Ek9MvbyhQRdNqYgE3K76w - ChIJV4uxDRrKyhQRtRZspR4L6E0 
2020-01-29 06:39:44.967 INFO  Searched for ChIJU6Ek9MvbyhQRdNqYgE3K76w - ChIJV4uxDRrKyhQRtRZspR4L6E0 
2020-01-29 06:39:44.967 INFO  Searched for ChIJU6Ek9MvbyhQRdNqYgE3K76w - ChIJV4uxDRrKyhQRtRZspR4L6E0 
2020-01-29 06:40:17.641 INFO  Searched for ChIJU6Ek9MvbyhQRdNqYgE3K76w - ChIJV4uxDRrKyhQRtRZspR4L6E0 
2020-01-29 06:40:17.641 INFO  Searched for ChIJU6Ek9MvbyhQRdNqYgE3K76w - ChIJV4uxDRrKyhQRtRZspR4L6E0 
2020-01-29 06:40:34.980 INFO  Searched for ChIJU6Ek9MvbyhQRdNqYgE3K76w - ChIJV4uxDRrKyhQRtRZspR4L6E0 
2020-01-29 06:40:34.980 INFO  Searched for ChIJU6Ek9MvbyhQRdNqYgE3K76w - ChIJV4uxDRrKyhQRtRZspR4L6E0 
2020-01-29 06:41:56.182 INFO  Searched for ChIJU6Ek9MvbyhQRdNqYgE3K76w - ChIJV4uxDRrKyhQRtRZspR4L6E0 
2020-01-29 06:41:56.182 INFO  Searched for ChIJU6Ek9MvbyhQRdNqYgE3K76w - ChIJV4uxDRrKyhQRtRZspR4L6E0 
2020-01-29 06:42:24.436 INFO  Searched for ChIJU6Ek9MvbyhQRdNqYgE3K76w - ChIJV4uxDRrKyhQRtRZspR4L6E0 
2020-01-29 06:42:24.436 INFO  Searched for ChIJU6Ek9MvbyhQRdNqYgE3K76w - ChIJV4uxDRrKyhQRtRZspR4L6E0 
2020-01-29 06:42:53.507 INFO  Searched for ChIJU6Ek9MvbyhQRdNqYgE3K76w - ChIJV4uxDRrKyhQRtRZspR4L6E0 
2020-01-29 06:42:53.507 INFO  Searched for ChIJU6Ek9MvbyhQRdNqYgE3K76w - ChIJV4uxDRrKyhQRtRZspR4L6E0 
2020-01-29 06:43:09.943 INFO  Searched for ChIJU6Ek9MvbyhQRdNqYgE3K76w - ChIJV4uxDRrKyhQRtRZspR4L6E0 
2020-01-29 06:43:09.943 INFO  Searched for ChIJU6Ek9MvbyhQRdNqYgE3K76w - ChIJV4uxDRrKyhQRtRZspR4L6E0 
2020-01-29 06:43:26.421 INFO  Searched for ChIJU6Ek9MvbyhQRdNqYgE3K76w - ChIJV4uxDRrKyhQRtRZspR4L6E0 
2020-01-29 06:43:26.421 INFO  Searched for ChIJU6Ek9MvbyhQRdNqYgE3K76w - ChIJV4uxDRrKyhQRtRZspR4L6E0 
2020-01-29 06:46:23.845 INFO  Searched for ChIJU6Ek9MvbyhQRdNqYgE3K76w - ChIJV4uxDRrKyhQRtRZspR4L6E0 
2020-01-29 06:46:23.845 INFO  Searched for ChIJU6Ek9MvbyhQRdNqYgE3K76w - ChIJV4uxDRrKyhQRtRZspR4L6E0 
2020-01-29 06:46:51.248 INFO  Searched for ChIJU6Ek9MvbyhQRdNqYgE3K76w - ChIJV4uxDRrKyhQRtRZspR4L6E0 
2020-01-29 06:46:51.248 INFO  Searched for ChIJU6Ek9MvbyhQRdNqYgE3K76w - ChIJV4uxDRrKyhQRtRZspR4L6E0 
2020-01-29 06:49:10.212 INFO  Searched for ChIJU6Ek9MvbyhQRdNqYgE3K76w - ChIJV4uxDRrKyhQRtRZspR4L6E0 
2020-01-29 06:49:10.212 INFO  Searched for ChIJU6Ek9MvbyhQRdNqYgE3K76w - ChIJV4uxDRrKyhQRtRZspR4L6E0 
2020-01-29 06:51:29.673 INFO  Searched for ChIJU6Ek9MvbyhQRdNqYgE3K76w - ChIJV4uxDRrKyhQRtRZspR4L6E0 
2020-01-29 06:51:29.673 INFO  Searched for ChIJU6Ek9MvbyhQRdNqYgE3K76w - ChIJV4uxDRrKyhQRtRZspR4L6E0 
2020-01-29 06:53:43.229 INFO  Searched for ChIJU6Ek9MvbyhQRdNqYgE3K76w - ChIJV4uxDRrKyhQRtRZspR4L6E0 
2020-01-29 06:53:43.229 INFO  Searched for ChIJU6Ek9MvbyhQRdNqYgE3K76w - ChIJV4uxDRrKyhQRtRZspR4L6E0 
2020-01-29 06:54:33.918 INFO  Searched for ChIJU6Ek9MvbyhQRdNqYgE3K76w - ChIJV4uxDRrKyhQRtRZspR4L6E0 
2020-01-29 06:54:33.918 INFO  Searched for ChIJU6Ek9MvbyhQRdNqYgE3K76w - ChIJV4uxDRrKyhQRtRZspR4L6E0 
2020-01-29 06:56:14.186 INFO  Searched for ChIJU6Ek9MvbyhQRdNqYgE3K76w - ChIJV4uxDRrKyhQRtRZspR4L6E0 
2020-01-29 06:56:14.186 INFO  Searched for ChIJU6Ek9MvbyhQRdNqYgE3K76w - ChIJV4uxDRrKyhQRtRZspR4L6E0 
2020-01-29 06:56:26.349 INFO  Searched for ChIJU6Ek9MvbyhQRdNqYgE3K76w - ChIJV4uxDRrKyhQRtRZspR4L6E0 
2020-01-29 06:56:26.349 INFO  Searched for ChIJU6Ek9MvbyhQRdNqYgE3K76w - ChIJV4uxDRrKyhQRtRZspR4L6E0 
2020-01-29 07:00:17.623 INFO  Searched for ChIJU6Ek9MvbyhQRdNqYgE3K76w - ChIJV4uxDRrKyhQRtRZspR4L6E0 
2020-01-29 07:00:17.623 INFO  Searched for ChIJU6Ek9MvbyhQRdNqYgE3K76w - ChIJV4uxDRrKyhQRtRZspR4L6E0 
2020-01-29 07:00:33.983 INFO  Searched for ChIJU6Ek9MvbyhQRdNqYgE3K76w - ChIJV4uxDRrKyhQRtRZspR4L6E0 
2020-01-29 07:00:33.983 INFO  Searched for ChIJU6Ek9MvbyhQRdNqYgE3K76w - ChIJV4uxDRrKyhQRtRZspR4L6E0 
2020-01-29 07:01:13.538 INFO  Searched for ChIJU6Ek9MvbyhQRdNqYgE3K76w - ChIJV4uxDRrKyhQRtRZspR4L6E0 
2020-01-29 07:01:13.538 INFO  Searched for ChIJU6Ek9MvbyhQRdNqYgE3K76w - ChIJV4uxDRrKyhQRtRZspR4L6E0 
2020-01-29 07:03:03.996 INFO  Searched for ChIJU6Ek9MvbyhQRdNqYgE3K76w - ChIJV4uxDRrKyhQRtRZspR4L6E0 
2020-01-29 07:03:03.996 INFO  Searched for ChIJU6Ek9MvbyhQRdNqYgE3K76w - ChIJV4uxDRrKyhQRtRZspR4L6E0 
2020-01-29 07:03:27.581 INFO  Searched for ChIJU6Ek9MvbyhQRdNqYgE3K76w - ChIJV4uxDRrKyhQRtRZspR4L6E0 
2020-01-29 07:03:27.581 INFO  Searched for ChIJU6Ek9MvbyhQRdNqYgE3K76w - ChIJV4uxDRrKyhQRtRZspR4L6E0 
2020-01-29 07:03:36.385 INFO  Searched for ChIJU6Ek9MvbyhQRdNqYgE3K76w - ChIJV4uxDRrKyhQRtRZspR4L6E0 
2020-01-29 07:03:36.385 INFO  Searched for ChIJU6Ek9MvbyhQRdNqYgE3K76w - ChIJV4uxDRrKyhQRtRZspR4L6E0 
2020-01-29 07:04:18.927 INFO  Searched for ChIJU6Ek9MvbyhQRdNqYgE3K76w - ChIJV4uxDRrKyhQRtRZspR4L6E0 
2020-01-29 07:04:18.927 INFO  Searched for ChIJU6Ek9MvbyhQRdNqYgE3K76w - ChIJV4uxDRrKyhQRtRZspR4L6E0 
2020-01-29 07:05:18.232 INFO  Searched for ChIJU6Ek9MvbyhQRdNqYgE3K76w - ChIJV4uxDRrKyhQRtRZspR4L6E0 
2020-01-29 07:05:18.232 INFO  Searched for ChIJU6Ek9MvbyhQRdNqYgE3K76w - ChIJV4uxDRrKyhQRtRZspR4L6E0 
2020-01-29 07:06:14.728 INFO  Searched for ChIJU6Ek9MvbyhQRdNqYgE3K76w - ChIJV4uxDRrKyhQRtRZspR4L6E0 
2020-01-29 07:06:14.728 INFO  Searched for ChIJU6Ek9MvbyhQRdNqYgE3K76w - ChIJV4uxDRrKyhQRtRZspR4L6E0 
2020-01-29 07:06:21.109 INFO  Searched for ChIJU6Ek9MvbyhQRdNqYgE3K76w - ChIJV4uxDRrKyhQRtRZspR4L6E0 
2020-01-29 07:06:21.109 INFO  Searched for ChIJU6Ek9MvbyhQRdNqYgE3K76w - ChIJV4uxDRrKyhQRtRZspR4L6E0 
2020-01-29 07:07:14.019 INFO  Searched for ChIJU6Ek9MvbyhQRdNqYgE3K76w - ChIJV4uxDRrKyhQRtRZspR4L6E0 
2020-01-29 07:07:14.019 INFO  Searched for ChIJU6Ek9MvbyhQRdNqYgE3K76w - ChIJV4uxDRrKyhQRtRZspR4L6E0 
2020-01-29 07:12:02.436 INFO  Searched for ChIJU6Ek9MvbyhQRdNqYgE3K76w - ChIJV4uxDRrKyhQRtRZspR4L6E0 
2020-01-29 07:12:02.436 INFO  Searched for ChIJU6Ek9MvbyhQRdNqYgE3K76w - ChIJV4uxDRrKyhQRtRZspR4L6E0 
2020-01-29 07:14:07.958 INFO  Searched for ChIJU6Ek9MvbyhQRdNqYgE3K76w - ChIJV4uxDRrKyhQRtRZspR4L6E0 
2020-01-29 07:14:07.958 INFO  Searched for ChIJU6Ek9MvbyhQRdNqYgE3K76w - ChIJV4uxDRrKyhQRtRZspR4L6E0 
2020-01-29 07:14:43.114 INFO  Searched for ChIJU6Ek9MvbyhQRdNqYgE3K76w - ChIJV4uxDRrKyhQRtRZspR4L6E0 
2020-01-29 07:14:43.114 INFO  Searched for ChIJU6Ek9MvbyhQRdNqYgE3K76w - ChIJV4uxDRrKyhQRtRZspR4L6E0 
2020-01-29 07:15:58.363 INFO  Searched for ChIJU6Ek9MvbyhQRdNqYgE3K76w - ChIJV4uxDRrKyhQRtRZspR4L6E0 
2020-01-29 07:15:58.363 INFO  Searched for ChIJU6Ek9MvbyhQRdNqYgE3K76w - ChIJV4uxDRrKyhQRtRZspR4L6E0 
2020-01-29 07:20:08.964 INFO  Searched for ChIJU6Ek9MvbyhQRdNqYgE3K76w - ChIJV4uxDRrKyhQRtRZspR4L6E0 
2020-01-29 07:20:08.964 INFO  Searched for ChIJU6Ek9MvbyhQRdNqYgE3K76w - ChIJV4uxDRrKyhQRtRZspR4L6E0 
2020-01-29 07:20:41.841 INFO  Searched for ChIJU6Ek9MvbyhQRdNqYgE3K76w - ChIJV4uxDRrKyhQRtRZspR4L6E0 
2020-01-29 07:20:41.841 INFO  Searched for ChIJU6Ek9MvbyhQRdNqYgE3K76w - ChIJV4uxDRrKyhQRtRZspR4L6E0 
2020-01-29 07:20:57.635 INFO  Searched for ChIJU6Ek9MvbyhQRdNqYgE3K76w - ChIJV4uxDRrKyhQRtRZspR4L6E0 
2020-01-29 07:20:57.635 INFO  Searched for ChIJU6Ek9MvbyhQRdNqYgE3K76w - ChIJV4uxDRrKyhQRtRZspR4L6E0 
2020-01-29 07:22:04.527 INFO  Searched for ChIJU6Ek9MvbyhQRdNqYgE3K76w - ChIJV4uxDRrKyhQRtRZspR4L6E0 
2020-01-29 07:22:04.527 INFO  Searched for ChIJU6Ek9MvbyhQRdNqYgE3K76w - ChIJV4uxDRrKyhQRtRZspR4L6E0 
2020-01-29 07:22:10.839 INFO  Searched for ChIJU6Ek9MvbyhQRdNqYgE3K76w - ChIJV4uxDRrKyhQRtRZspR4L6E0 
2020-01-29 07:22:10.839 INFO  Searched for ChIJU6Ek9MvbyhQRdNqYgE3K76w - ChIJV4uxDRrKyhQRtRZspR4L6E0 
2020-01-29 07:22:48.938 INFO  Searched for ChIJU6Ek9MvbyhQRdNqYgE3K76w - ChIJV4uxDRrKyhQRtRZspR4L6E0 
2020-01-29 07:22:48.938 INFO  Searched for ChIJU6Ek9MvbyhQRdNqYgE3K76w - ChIJV4uxDRrKyhQRtRZspR4L6E0 
2020-01-29 07:22:54.931 INFO  Searched for ChIJU6Ek9MvbyhQRdNqYgE3K76w - ChIJV4uxDRrKyhQRtRZspR4L6E0 
2020-01-29 07:22:54.931 INFO  Searched for ChIJU6Ek9MvbyhQRdNqYgE3K76w - ChIJV4uxDRrKyhQRtRZspR4L6E0 
2020-01-29 07:23:04.387 INFO  Searched for ChIJU6Ek9MvbyhQRdNqYgE3K76w - ChIJV4uxDRrKyhQRtRZspR4L6E0 
2020-01-29 07:23:04.387 INFO  Searched for ChIJU6Ek9MvbyhQRdNqYgE3K76w - ChIJV4uxDRrKyhQRtRZspR4L6E0 
2020-01-29 07:23:58.609 INFO  Searched for ChIJU6Ek9MvbyhQRdNqYgE3K76w - ChIJV4uxDRrKyhQRtRZspR4L6E0 
2020-01-29 07:23:58.609 INFO  Searched for ChIJU6Ek9MvbyhQRdNqYgE3K76w - ChIJV4uxDRrKyhQRtRZspR4L6E0 
2020-01-29 07:24:22.764 INFO  Searched for ChIJU6Ek9MvbyhQRdNqYgE3K76w - ChIJV4uxDRrKyhQRtRZspR4L6E0 
2020-01-29 07:24:22.764 INFO  Searched for ChIJU6Ek9MvbyhQRdNqYgE3K76w - ChIJV4uxDRrKyhQRtRZspR4L6E0 
2020-01-29 07:25:53.413 INFO  Searched for ChIJU6Ek9MvbyhQRdNqYgE3K76w - ChIJV4uxDRrKyhQRtRZspR4L6E0 
2020-01-29 07:25:53.413 INFO  Searched for ChIJU6Ek9MvbyhQRdNqYgE3K76w - ChIJV4uxDRrKyhQRtRZspR4L6E0 
2020-01-29 07:26:24.680 INFO  Searched for ChIJU6Ek9MvbyhQRdNqYgE3K76w - ChIJV4uxDRrKyhQRtRZspR4L6E0 
2020-01-29 07:26:24.680 INFO  Searched for ChIJU6Ek9MvbyhQRdNqYgE3K76w - ChIJV4uxDRrKyhQRtRZspR4L6E0 
2020-01-29 07:26:39.975 INFO  Searched for ChIJU6Ek9MvbyhQRdNqYgE3K76w - ChIJV4uxDRrKyhQRtRZspR4L6E0 
2020-01-29 07:26:39.975 INFO  Searched for ChIJU6Ek9MvbyhQRdNqYgE3K76w - ChIJV4uxDRrKyhQRtRZspR4L6E0 
2020-01-29 07:26:44.577 INFO  Searched for ChIJU6Ek9MvbyhQRdNqYgE3K76w - ChIJV4uxDRrKyhQRtRZspR4L6E0 
2020-01-29 07:26:44.577 INFO  Searched for ChIJU6Ek9MvbyhQRdNqYgE3K76w - ChIJV4uxDRrKyhQRtRZspR4L6E0 
2020-01-29 07:26:52.241 INFO  Searched for ChIJU6Ek9MvbyhQRdNqYgE3K76w - ChIJV4uxDRrKyhQRtRZspR4L6E0 
2020-01-29 07:26:52.241 INFO  Searched for ChIJU6Ek9MvbyhQRdNqYgE3K76w - ChIJV4uxDRrKyhQRtRZspR4L6E0 
2020-01-29 07:26:56.843 INFO  Searched for ChIJU6Ek9MvbyhQRdNqYgE3K76w - ChIJV4uxDRrKyhQRtRZspR4L6E0 
2020-01-29 07:26:56.843 INFO  Searched for ChIJU6Ek9MvbyhQRdNqYgE3K76w - ChIJV4uxDRrKyhQRtRZspR4L6E0 
2020-01-29 07:27:10.202 INFO  Searched for ChIJU6Ek9MvbyhQRdNqYgE3K76w - ChIJV4uxDRrKyhQRtRZspR4L6E0 
2020-01-29 07:27:10.202 INFO  Searched for ChIJU6Ek9MvbyhQRdNqYgE3K76w - ChIJV4uxDRrKyhQRtRZspR4L6E0 
2020-01-29 07:27:15.327 INFO  Searched for ChIJU6Ek9MvbyhQRdNqYgE3K76w - ChIJV4uxDRrKyhQRtRZspR4L6E0 
2020-01-29 07:27:15.327 INFO  Searched for ChIJU6Ek9MvbyhQRdNqYgE3K76w - ChIJV4uxDRrKyhQRtRZspR4L6E0 
2020-01-29 07:28:35.970 INFO  Searched for ChIJU6Ek9MvbyhQRdNqYgE3K76w - ChIJV4uxDRrKyhQRtRZspR4L6E0 
2020-01-29 07:28:35.970 INFO  Searched for ChIJU6Ek9MvbyhQRdNqYgE3K76w - ChIJV4uxDRrKyhQRtRZspR4L6E0 
2020-01-29 07:28:48.877 INFO  Searched for ChIJU6Ek9MvbyhQRdNqYgE3K76w - ChIJV4uxDRrKyhQRtRZspR4L6E0 
2020-01-29 07:28:48.877 INFO  Searched for ChIJU6Ek9MvbyhQRdNqYgE3K76w - ChIJV4uxDRrKyhQRtRZspR4L6E0 
2020-01-29 07:32:29.293 INFO  Searched for ChIJU6Ek9MvbyhQRdNqYgE3K76w - ChIJV4uxDRrKyhQRtRZspR4L6E0 
2020-01-29 07:32:29.293 INFO  Searched for ChIJU6Ek9MvbyhQRdNqYgE3K76w - ChIJV4uxDRrKyhQRtRZspR4L6E0 
2020-01-29 07:34:45.832 INFO  Searched for ChIJU6Ek9MvbyhQRdNqYgE3K76w - ChIJV4uxDRrKyhQRtRZspR4L6E0 
2020-01-29 07:34:45.832 INFO  Searched for ChIJU6Ek9MvbyhQRdNqYgE3K76w - ChIJV4uxDRrKyhQRtRZspR4L6E0 
2020-01-29 07:34:58.460 INFO  Searched for ChIJU6Ek9MvbyhQRdNqYgE3K76w - ChIJV4uxDRrKyhQRtRZspR4L6E0 
2020-01-29 07:34:58.460 INFO  Searched for ChIJU6Ek9MvbyhQRdNqYgE3K76w - ChIJV4uxDRrKyhQRtRZspR4L6E0 
2020-01-29 07:38:13.858 INFO  Searched for ChIJU6Ek9MvbyhQRdNqYgE3K76w - ChIJV4uxDRrKyhQRtRZspR4L6E0 
2020-01-29 07:38:13.858 INFO  Searched for ChIJU6Ek9MvbyhQRdNqYgE3K76w - ChIJV4uxDRrKyhQRtRZspR4L6E0 
2020-01-29 07:39:11.858 INFO  Searched for ChIJU6Ek9MvbyhQRdNqYgE3K76w - ChIJV4uxDRrKyhQRtRZspR4L6E0 
2020-01-29 07:39:11.858 INFO  Searched for ChIJU6Ek9MvbyhQRdNqYgE3K76w - ChIJV4uxDRrKyhQRtRZspR4L6E0 
2020-01-29 07:40:09.506 INFO  Searched for ChIJU6Ek9MvbyhQRdNqYgE3K76w - ChIJV4uxDRrKyhQRtRZspR4L6E0 
2020-01-29 07:40:09.506 INFO  Searched for ChIJU6Ek9MvbyhQRdNqYgE3K76w - ChIJV4uxDRrKyhQRtRZspR4L6E0 
2020-01-29 07:42:26.610 INFO  Searched for ChIJU6Ek9MvbyhQRdNqYgE3K76w - ChIJV4uxDRrKyhQRtRZspR4L6E0 
2020-01-29 07:42:26.610 INFO  Searched for ChIJU6Ek9MvbyhQRdNqYgE3K76w - ChIJV4uxDRrKyhQRtRZspR4L6E0 
2020-01-29 07:42:44.534 INFO  Searched for ChIJU6Ek9MvbyhQRdNqYgE3K76w - ChIJV4uxDRrKyhQRtRZspR4L6E0 
2020-01-29 07:42:44.534 INFO  Searched for ChIJU6Ek9MvbyhQRdNqYgE3K76w - ChIJV4uxDRrKyhQRtRZspR4L6E0 
2020-01-29 07:44:12.367 INFO  Searched for ChIJU6Ek9MvbyhQRdNqYgE3K76w - ChIJV4uxDRrKyhQRtRZspR4L6E0 
2020-01-29 07:44:12.367 INFO  Searched for ChIJU6Ek9MvbyhQRdNqYgE3K76w - ChIJV4uxDRrKyhQRtRZspR4L6E0 
2020-01-29 07:45:33.639 INFO  Searched for ChIJU6Ek9MvbyhQRdNqYgE3K76w - ChIJV4uxDRrKyhQRtRZspR4L6E0 
2020-01-29 07:45:33.639 INFO  Searched for ChIJU6Ek9MvbyhQRdNqYgE3K76w - ChIJV4uxDRrKyhQRtRZspR4L6E0 
2020-01-29 07:46:11.411 INFO  Searched for ChIJU6Ek9MvbyhQRdNqYgE3K76w - ChIJV4uxDRrKyhQRtRZspR4L6E0 
2020-01-29 07:46:11.411 INFO  Searched for ChIJU6Ek9MvbyhQRdNqYgE3K76w - ChIJV4uxDRrKyhQRtRZspR4L6E0 
2020-01-29 07:46:36.022 INFO  Searched for ChIJU6Ek9MvbyhQRdNqYgE3K76w - ChIJV4uxDRrKyhQRtRZspR4L6E0 
2020-01-29 07:46:36.022 INFO  Searched for ChIJU6Ek9MvbyhQRdNqYgE3K76w - ChIJV4uxDRrKyhQRtRZspR4L6E0 
2020-01-29 07:56:58.188 INFO  Searched for ChIJU6Ek9MvbyhQRdNqYgE3K76w - ChIJV4uxDRrKyhQRtRZspR4L6E0 
2020-01-29 07:56:58.188 INFO  Searched for ChIJU6Ek9MvbyhQRdNqYgE3K76w - ChIJV4uxDRrKyhQRtRZspR4L6E0 
2020-01-29 07:57:48.608 INFO  Searched for ChIJU6Ek9MvbyhQRdNqYgE3K76w - ChIJV4uxDRrKyhQRtRZspR4L6E0 
2020-01-29 07:57:48.608 INFO  Searched for ChIJU6Ek9MvbyhQRdNqYgE3K76w - ChIJV4uxDRrKyhQRtRZspR4L6E0 
2020-01-29 07:58:24.036 INFO  Searched for ChIJU6Ek9MvbyhQRdNqYgE3K76w - ChIJV4uxDRrKyhQRtRZspR4L6E0 
2020-01-29 07:58:24.036 INFO  Searched for ChIJU6Ek9MvbyhQRdNqYgE3K76w - ChIJV4uxDRrKyhQRtRZspR4L6E0 
2020-01-29 07:59:31.791 INFO  Searched for ChIJU6Ek9MvbyhQRdNqYgE3K76w - ChIJV4uxDRrKyhQRtRZspR4L6E0 
2020-01-29 07:59:31.791 INFO  Searched for ChIJU6Ek9MvbyhQRdNqYgE3K76w - ChIJV4uxDRrKyhQRtRZspR4L6E0 
2020-01-29 08:03:02.628 INFO  Searched for ChIJU6Ek9MvbyhQRdNqYgE3K76w - ChIJV4uxDRrKyhQRtRZspR4L6E0 
2020-01-29 08:03:02.629 INFO  Searched for ChIJU6Ek9MvbyhQRdNqYgE3K76w - ChIJV4uxDRrKyhQRtRZspR4L6E0 
2020-01-29 08:03:42.222 INFO  Searched for ChIJU6Ek9MvbyhQRdNqYgE3K76w - ChIJV4uxDRrKyhQRtRZspR4L6E0 
2020-01-29 08:03:42.222 INFO  Searched for ChIJU6Ek9MvbyhQRdNqYgE3K76w - ChIJV4uxDRrKyhQRtRZspR4L6E0 
2020-01-29 08:04:25.828 INFO  Searched for ChIJU6Ek9MvbyhQRdNqYgE3K76w - ChIJV4uxDRrKyhQRtRZspR4L6E0 
2020-01-29 08:04:25.828 INFO  Searched for ChIJU6Ek9MvbyhQRdNqYgE3K76w - ChIJV4uxDRrKyhQRtRZspR4L6E0 
2020-01-29 08:07:14.182 INFO  Searched for ChIJU6Ek9MvbyhQRdNqYgE3K76w - ChIJV4uxDRrKyhQRtRZspR4L6E0 
2020-01-29 08:07:14.182 INFO  Searched for ChIJU6Ek9MvbyhQRdNqYgE3K76w - ChIJV4uxDRrKyhQRtRZspR4L6E0 
2020-01-29 08:07:25.324 INFO  Searched for ChIJU6Ek9MvbyhQRdNqYgE3K76w - ChIJqZW8Cvb_n0ARBuUkyCzgDDg 
2020-01-29 08:07:25.324 INFO  Searched for ChIJU6Ek9MvbyhQRdNqYgE3K76w - ChIJqZW8Cvb_n0ARBuUkyCzgDDg 
2020-01-29 08:07:50.704 INFO  Searched for ChIJU6Ek9MvbyhQRdNqYgE3K76w - ChIJqZW8Cvb_n0ARBuUkyCzgDDg 
2020-01-29 08:07:50.704 INFO  Searched for ChIJU6Ek9MvbyhQRdNqYgE3K76w - ChIJqZW8Cvb_n0ARBuUkyCzgDDg 
2020-01-29 08:08:38.994 INFO  Searched for ChIJU6Ek9MvbyhQRdNqYgE3K76w - ChIJqZW8Cvb_n0ARBuUkyCzgDDg 
2020-01-29 08:08:38.994 INFO  Searched for ChIJU6Ek9MvbyhQRdNqYgE3K76w - ChIJqZW8Cvb_n0ARBuUkyCzgDDg 
2020-01-29 08:12:31.093 INFO  Searched for ChIJU6Ek9MvbyhQRdNqYgE3K76w - ChIJqZW8Cvb_n0ARBuUkyCzgDDg 
2020-01-29 08:12:31.093 INFO  Searched for ChIJU6Ek9MvbyhQRdNqYgE3K76w - ChIJqZW8Cvb_n0ARBuUkyCzgDDg 
2020-01-29 08:13:09.552 INFO  Searched for ChIJU6Ek9MvbyhQRdNqYgE3K76w - ChIJqZW8Cvb_n0ARBuUkyCzgDDg 
2020-01-29 08:13:09.552 INFO  Searched for ChIJU6Ek9MvbyhQRdNqYgE3K76w - ChIJqZW8Cvb_n0ARBuUkyCzgDDg 
2020-01-29 08:13:19.070 INFO  Searched for ChIJU6Ek9MvbyhQRdNqYgE3K76w - ChIJqZW8Cvb_n0ARBuUkyCzgDDg 
2020-01-29 08:13:19.070 INFO  Searched for ChIJU6Ek9MvbyhQRdNqYgE3K76w - ChIJqZW8Cvb_n0ARBuUkyCzgDDg 
2020-01-29 08:13:53.183 INFO  Searched for ChIJU6Ek9MvbyhQRdNqYgE3K76w - ChIJqZW8Cvb_n0ARBuUkyCzgDDg 
2020-01-29 08:13:53.183 INFO  Searched for ChIJU6Ek9MvbyhQRdNqYgE3K76w - ChIJqZW8Cvb_n0ARBuUkyCzgDDg 
2020-01-29 08:14:06.618 INFO  Searched for ChIJU6Ek9MvbyhQRdNqYgE3K76w - ChIJqZW8Cvb_n0ARBuUkyCzgDDg 
2020-01-29 08:14:06.618 INFO  Searched for ChIJU6Ek9MvbyhQRdNqYgE3K76w - ChIJqZW8Cvb_n0ARBuUkyCzgDDg 
2020-01-29 22:04:26.060 INFO  Searched for ChIJV4uxDRrKyhQRtRZspR4L6E0 - ChIJqZW8Cvb_n0ARBuUkyCzgDDg 
2020-01-29 22:04:26.060 INFO  Searched for ChIJV4uxDRrKyhQRtRZspR4L6E0 - ChIJqZW8Cvb_n0ARBuUkyCzgDDg 
2020-01-29 22:05:04.649 INFO  Searched for ChIJV4uxDRrKyhQRtRZspR4L6E0 - ChIJqZW8Cvb_n0ARBuUkyCzgDDg 
2020-01-29 22:05:04.649 INFO  Searched for ChIJV4uxDRrKyhQRtRZspR4L6E0 - ChIJqZW8Cvb_n0ARBuUkyCzgDDg 
2020-01-29 22:05:18.111 INFO  Searched for ChIJV4uxDRrKyhQRtRZspR4L6E0 - ChIJqZW8Cvb_n0ARBuUkyCzgDDg 
2020-01-29 22:05:18.111 INFO  Searched for ChIJV4uxDRrKyhQRtRZspR4L6E0 - ChIJqZW8Cvb_n0ARBuUkyCzgDDg 
2020-01-29 22:05:57.163 INFO  Searched for ChIJV4uxDRrKyhQRtRZspR4L6E0 - ChIJqZW8Cvb_n0ARBuUkyCzgDDg 
2020-01-29 22:05:57.163 INFO  Searched for ChIJV4uxDRrKyhQRtRZspR4L6E0 - ChIJqZW8Cvb_n0ARBuUkyCzgDDg 
2020-01-29 22:18:09.119 INFO  Searched for ChIJV4uxDRrKyhQRtRZspR4L6E0 - ChIJqZW8Cvb_n0ARBuUkyCzgDDg 
2020-01-29 22:18:09.119 INFO  Searched for ChIJV4uxDRrKyhQRtRZspR4L6E0 - ChIJqZW8Cvb_n0ARBuUkyCzgDDg 
2020-01-29 22:19:15.819 INFO  Searched for ChIJV4uxDRrKyhQRtRZspR4L6E0 - ChIJqZW8Cvb_n0ARBuUkyCzgDDg 
2020-01-29 22:19:15.819 INFO  Searched for ChIJV4uxDRrKyhQRtRZspR4L6E0 - ChIJqZW8Cvb_n0ARBuUkyCzgDDg 
2020-01-29 22:23:55.552 INFO  Searched for ChIJV4uxDRrKyhQRtRZspR4L6E0 - ChIJqZW8Cvb_n0ARBuUkyCzgDDg 
2020-01-29 22:23:55.552 INFO  Searched for ChIJV4uxDRrKyhQRtRZspR4L6E0 - ChIJqZW8Cvb_n0ARBuUkyCzgDDg 
2020-01-29 22:25:10.112 INFO  Searched for ChIJV4uxDRrKyhQRtRZspR4L6E0 - ChIJqZW8Cvb_n0ARBuUkyCzgDDg 
2020-01-29 22:25:10.112 INFO  Searched for ChIJV4uxDRrKyhQRtRZspR4L6E0 - ChIJqZW8Cvb_n0ARBuUkyCzgDDg 
2020-01-29 22:26:10.497 INFO  Searched for ChIJV4uxDRrKyhQRtRZspR4L6E0 - ChIJqZW8Cvb_n0ARBuUkyCzgDDg 
2020-01-29 22:26:10.497 INFO  Searched for ChIJV4uxDRrKyhQRtRZspR4L6E0 - ChIJqZW8Cvb_n0ARBuUkyCzgDDg 
2020-01-29 22:26:17.450 INFO  Searched for ChIJV4uxDRrKyhQRtRZspR4L6E0 - ChIJqZW8Cvb_n0ARBuUkyCzgDDg 
2020-01-29 22:26:17.450 INFO  Searched for ChIJV4uxDRrKyhQRtRZspR4L6E0 - ChIJqZW8Cvb_n0ARBuUkyCzgDDg 
2020-01-29 22:27:40.711 INFO  Searched for ChIJV4uxDRrKyhQRtRZspR4L6E0 - ChIJqZW8Cvb_n0ARBuUkyCzgDDg 
2020-01-29 22:27:40.711 INFO  Searched for ChIJV4uxDRrKyhQRtRZspR4L6E0 - ChIJqZW8Cvb_n0ARBuUkyCzgDDg 
2020-01-29 22:30:52.537 INFO  Searched for ChIJV4uxDRrKyhQRtRZspR4L6E0 - ChIJqZW8Cvb_n0ARBuUkyCzgDDg 
2020-01-29 22:30:52.537 INFO  Searched for ChIJV4uxDRrKyhQRtRZspR4L6E0 - ChIJqZW8Cvb_n0ARBuUkyCzgDDg 
2020-01-29 22:31:18.807 INFO  Searched for ChIJV4uxDRrKyhQRtRZspR4L6E0 - ChIJqZW8Cvb_n0ARBuUkyCzgDDg 
2020-01-29 22:31:18.807 INFO  Searched for ChIJV4uxDRrKyhQRtRZspR4L6E0 - ChIJqZW8Cvb_n0ARBuUkyCzgDDg 
2020-01-29 22:31:24.463 INFO  Searched for ChIJV4uxDRrKyhQRtRZspR4L6E0 - ChIJqZW8Cvb_n0ARBuUkyCzgDDg 
2020-01-29 22:31:24.463 INFO  Searched for ChIJV4uxDRrKyhQRtRZspR4L6E0 - ChIJqZW8Cvb_n0ARBuUkyCzgDDg 
2020-01-29 22:31:29.424 INFO  Searched for ChIJV4uxDRrKyhQRtRZspR4L6E0 - ChIJqZW8Cvb_n0ARBuUkyCzgDDg 
2020-01-29 22:31:29.424 INFO  Searched for ChIJV4uxDRrKyhQRtRZspR4L6E0 - ChIJqZW8Cvb_n0ARBuUkyCzgDDg 
2020-01-29 22:32:06.204 INFO  Searched for ChIJV4uxDRrKyhQRtRZspR4L6E0 - ChIJqZW8Cvb_n0ARBuUkyCzgDDg 
2020-01-29 22:32:06.204 INFO  Searched for ChIJV4uxDRrKyhQRtRZspR4L6E0 - ChIJqZW8Cvb_n0ARBuUkyCzgDDg 
2020-01-29 22:32:40.750 INFO  Searched for ChIJV4uxDRrKyhQRtRZspR4L6E0 - ChIJqZW8Cvb_n0ARBuUkyCzgDDg 
2020-01-29 22:32:40.750 INFO  Searched for ChIJV4uxDRrKyhQRtRZspR4L6E0 - ChIJqZW8Cvb_n0ARBuUkyCzgDDg 
2020-01-29 22:33:02.648 INFO  Searched for ChIJV4uxDRrKyhQRtRZspR4L6E0 - ChIJqZW8Cvb_n0ARBuUkyCzgDDg 
2020-01-29 22:33:02.648 INFO  Searched for ChIJV4uxDRrKyhQRtRZspR4L6E0 - ChIJqZW8Cvb_n0ARBuUkyCzgDDg 
2020-01-29 22:33:29.482 INFO  Searched for ChIJV4uxDRrKyhQRtRZspR4L6E0 - ChIJqZW8Cvb_n0ARBuUkyCzgDDg 
2020-01-29 22:33:29.482 INFO  Searched for ChIJV4uxDRrKyhQRtRZspR4L6E0 - ChIJqZW8Cvb_n0ARBuUkyCzgDDg 
2020-01-29 22:33:57.573 INFO  Searched for ChIJV4uxDRrKyhQRtRZspR4L6E0 - ChIJqZW8Cvb_n0ARBuUkyCzgDDg 
2020-01-29 22:33:57.573 INFO  Searched for ChIJV4uxDRrKyhQRtRZspR4L6E0 - ChIJqZW8Cvb_n0ARBuUkyCzgDDg 
2020-01-29 22:34:40.536 INFO  Searched for ChIJV4uxDRrKyhQRtRZspR4L6E0 - ChIJqZW8Cvb_n0ARBuUkyCzgDDg 
2020-01-29 22:34:40.536 INFO  Searched for ChIJV4uxDRrKyhQRtRZspR4L6E0 - ChIJqZW8Cvb_n0ARBuUkyCzgDDg 
2020-01-29 22:34:57.285 INFO  Searched for ChIJV4uxDRrKyhQRtRZspR4L6E0 - ChIJqZW8Cvb_n0ARBuUkyCzgDDg 
2020-01-29 22:34:57.285 INFO  Searched for ChIJV4uxDRrKyhQRtRZspR4L6E0 - ChIJqZW8Cvb_n0ARBuUkyCzgDDg 
2020-01-29 22:35:14.994 INFO  Searched for ChIJV4uxDRrKyhQRtRZspR4L6E0 - ChIJqZW8Cvb_n0ARBuUkyCzgDDg 
2020-01-29 22:35:14.994 INFO  Searched for ChIJV4uxDRrKyhQRtRZspR4L6E0 - ChIJqZW8Cvb_n0ARBuUkyCzgDDg 
2020-01-29 22:35:38.250 INFO  Searched for ChIJV4uxDRrKyhQRtRZspR4L6E0 - ChIJqZW8Cvb_n0ARBuUkyCzgDDg 
2020-01-29 22:35:38.250 INFO  Searched for ChIJV4uxDRrKyhQRtRZspR4L6E0 - ChIJqZW8Cvb_n0ARBuUkyCzgDDg 
2020-01-29 22:36:07.698 INFO  Searched for ChIJV4uxDRrKyhQRtRZspR4L6E0 - ChIJqZW8Cvb_n0ARBuUkyCzgDDg 
2020-01-29 22:36:07.698 INFO  Searched for ChIJV4uxDRrKyhQRtRZspR4L6E0 - ChIJqZW8Cvb_n0ARBuUkyCzgDDg 
2020-01-29 22:36:20.504 INFO  Searched for ChIJV4uxDRrKyhQRtRZspR4L6E0 - ChIJqZW8Cvb_n0ARBuUkyCzgDDg 
2020-01-29 22:36:20.504 INFO  Searched for ChIJV4uxDRrKyhQRtRZspR4L6E0 - ChIJqZW8Cvb_n0ARBuUkyCzgDDg 
2020-01-29 22:36:44.638 INFO  Searched for ChIJV4uxDRrKyhQRtRZspR4L6E0 - ChIJqZW8Cvb_n0ARBuUkyCzgDDg 
2020-01-29 22:36:44.638 INFO  Searched for ChIJV4uxDRrKyhQRtRZspR4L6E0 - ChIJqZW8Cvb_n0ARBuUkyCzgDDg 
2020-01-29 22:37:16.126 INFO  Searched for ChIJV4uxDRrKyhQRtRZspR4L6E0 - ChIJqZW8Cvb_n0ARBuUkyCzgDDg 
2020-01-29 22:37:16.126 INFO  Searched for ChIJV4uxDRrKyhQRtRZspR4L6E0 - ChIJqZW8Cvb_n0ARBuUkyCzgDDg 
2020-01-29 22:39:55.144 INFO  Searched for ChIJV4uxDRrKyhQRtRZspR4L6E0 - ChIJqZW8Cvb_n0ARBuUkyCzgDDg 
2020-01-29 22:39:55.144 INFO  Searched for ChIJV4uxDRrKyhQRtRZspR4L6E0 - ChIJqZW8Cvb_n0ARBuUkyCzgDDg 
2020-01-29 22:40:17.331 INFO  Searched for ChIJV4uxDRrKyhQRtRZspR4L6E0 - ChIJqZW8Cvb_n0ARBuUkyCzgDDg 
2020-01-29 22:40:17.331 INFO  Searched for ChIJV4uxDRrKyhQRtRZspR4L6E0 - ChIJqZW8Cvb_n0ARBuUkyCzgDDg 
2020-01-29 22:51:20.335 INFO  Searched for ChIJV4uxDRrKyhQRtRZspR4L6E0 - ChIJqZW8Cvb_n0ARBuUkyCzgDDg 
2020-01-29 22:51:20.335 INFO  Searched for ChIJV4uxDRrKyhQRtRZspR4L6E0 - ChIJqZW8Cvb_n0ARBuUkyCzgDDg 
2020-01-29 23:07:29.025 INFO  Searched for ChIJV4uxDRrKyhQRtRZspR4L6E0 - ChIJqZW8Cvb_n0ARBuUkyCzgDDg 
2020-01-29 23:07:29.025 INFO  Searched for ChIJV4uxDRrKyhQRtRZspR4L6E0 - ChIJqZW8Cvb_n0ARBuUkyCzgDDg 
2020-01-29 23:07:38.094 INFO  Searched for ChIJV4uxDRrKyhQRtRZspR4L6E0 - ChIJqZW8Cvb_n0ARBuUkyCzgDDg 
2020-01-29 23:07:38.094 INFO  Searched for ChIJV4uxDRrKyhQRtRZspR4L6E0 - ChIJqZW8Cvb_n0ARBuUkyCzgDDg 
2020-01-29 23:09:38.819 INFO  Searched for ChIJV4uxDRrKyhQRtRZspR4L6E0 - ChIJqZW8Cvb_n0ARBuUkyCzgDDg 
2020-01-29 23:09:38.819 INFO  Searched for ChIJV4uxDRrKyhQRtRZspR4L6E0 - ChIJqZW8Cvb_n0ARBuUkyCzgDDg 
2020-01-29 23:10:17.379 INFO  Searched for ChIJV4uxDRrKyhQRtRZspR4L6E0 - ChIJqZW8Cvb_n0ARBuUkyCzgDDg 
2020-01-29 23:10:17.379 INFO  Searched for ChIJV4uxDRrKyhQRtRZspR4L6E0 - ChIJqZW8Cvb_n0ARBuUkyCzgDDg 
2020-01-29 23:10:40.243 INFO  Searched for ChIJV4uxDRrKyhQRtRZspR4L6E0 - ChIJqZW8Cvb_n0ARBuUkyCzgDDg 
2020-01-29 23:10:40.243 INFO  Searched for ChIJV4uxDRrKyhQRtRZspR4L6E0 - ChIJqZW8Cvb_n0ARBuUkyCzgDDg 
2020-01-29 23:10:45.430 INFO  Searched for ChIJV4uxDRrKyhQRtRZspR4L6E0 - ChIJqZW8Cvb_n0ARBuUkyCzgDDg 
2020-01-29 23:10:45.430 INFO  Searched for ChIJV4uxDRrKyhQRtRZspR4L6E0 - ChIJqZW8Cvb_n0ARBuUkyCzgDDg 
2020-01-29 23:11:33.410 INFO  Searched for ChIJV4uxDRrKyhQRtRZspR4L6E0 - ChIJqZW8Cvb_n0ARBuUkyCzgDDg 
2020-01-29 23:11:33.410 INFO  Searched for ChIJV4uxDRrKyhQRtRZspR4L6E0 - ChIJqZW8Cvb_n0ARBuUkyCzgDDg 
2020-01-30 11:56:19.176 INFO  Searched for ChIJV4uxDRrKyhQRtRZspR4L6E0 - ChIJqZW8Cvb_n0ARBuUkyCzgDDg 
2020-01-30 11:56:19.176 INFO  Searched for ChIJV4uxDRrKyhQRtRZspR4L6E0 - ChIJqZW8Cvb_n0ARBuUkyCzgDDg 
2020-01-30 14:06:51.068 INFO  Searched for ChIJlQMQ1iS6yhQR1nokd_1kGYE - ChIJqZW8Cvb_n0ARBuUkyCzgDDg 
2020-01-30 14:06:51.068 INFO  Searched for ChIJlQMQ1iS6yhQR1nokd_1kGYE - ChIJqZW8Cvb_n0ARBuUkyCzgDDg 
2020-01-30 14:08:05.055 INFO  Searched for ChIJlQMQ1iS6yhQR1nokd_1kGYE - ChIJqZW8Cvb_n0ARBuUkyCzgDDg 
2020-01-30 14:08:05.055 INFO  Searched for ChIJlQMQ1iS6yhQR1nokd_1kGYE - ChIJqZW8Cvb_n0ARBuUkyCzgDDg 
2020-01-30 14:08:05.573 INFO  Searched for ChIJlQMQ1iS6yhQR1nokd_1kGYE - ChIJqZW8Cvb_n0ARBuUkyCzgDDg 
2020-01-30 14:08:05.573 INFO  Searched for ChIJlQMQ1iS6yhQR1nokd_1kGYE - ChIJqZW8Cvb_n0ARBuUkyCzgDDg 
2020-01-30 14:08:06.935 INFO  Searched for ChIJlQMQ1iS6yhQR1nokd_1kGYE - ChIJqZW8Cvb_n0ARBuUkyCzgDDg 
2020-01-30 14:08:06.935 INFO  Searched for ChIJlQMQ1iS6yhQR1nokd_1kGYE - ChIJqZW8Cvb_n0ARBuUkyCzgDDg 
2020-01-30 14:32:52.483 INFO  Searched for ChIJlQMQ1iS6yhQR1nokd_1kGYE - ChIJqZW8Cvb_n0ARBuUkyCzgDDg 
2020-01-30 14:32:52.483 INFO  Searched for ChIJlQMQ1iS6yhQR1nokd_1kGYE - ChIJqZW8Cvb_n0ARBuUkyCzgDDg 
2020-01-30 14:32:59.430 INFO  Searched for ChIJlQMQ1iS6yhQR1nokd_1kGYE - ChIJqZW8Cvb_n0ARBuUkyCzgDDg 
2020-01-30 14:32:59.430 INFO  Searched for ChIJlQMQ1iS6yhQR1nokd_1kGYE - ChIJqZW8Cvb_n0ARBuUkyCzgDDg 
2020-01-30 14:33:04.499 INFO  Searched for ChIJlQMQ1iS6yhQR1nokd_1kGYE - ChIJqZW8Cvb_n0ARBuUkyCzgDDg 
2020-01-30 14:33:04.499 INFO  Searched for ChIJlQMQ1iS6yhQR1nokd_1kGYE - ChIJqZW8Cvb_n0ARBuUkyCzgDDg 
2020-01-30 14:33:08.879 INFO  Searched for ChIJlQMQ1iS6yhQR1nokd_1kGYE - ChIJqZW8Cvb_n0ARBuUkyCzgDDg 
2020-01-30 14:33:08.879 INFO  Searched for ChIJlQMQ1iS6yhQR1nokd_1kGYE - ChIJqZW8Cvb_n0ARBuUkyCzgDDg 
2020-01-30 14:33:38.046 INFO  Searched for ChIJlQMQ1iS6yhQR1nokd_1kGYE - ChIJqZW8Cvb_n0ARBuUkyCzgDDg 
2020-01-30 14:33:38.046 INFO  Searched for ChIJlQMQ1iS6yhQR1nokd_1kGYE - ChIJqZW8Cvb_n0ARBuUkyCzgDDg 
2020-01-30 14:36:13.495 INFO  Searched for ChIJlQMQ1iS6yhQR1nokd_1kGYE - ChIJqZW8Cvb_n0ARBuUkyCzgDDg 
2020-01-30 14:36:13.495 INFO  Searched for ChIJlQMQ1iS6yhQR1nokd_1kGYE - ChIJqZW8Cvb_n0ARBuUkyCzgDDg 
2020-01-30 14:36:26.928 INFO  Searched for ChIJlQMQ1iS6yhQR1nokd_1kGYE - ChIJqZW8Cvb_n0ARBuUkyCzgDDg 
2020-01-30 14:36:26.928 INFO  Searched for ChIJlQMQ1iS6yhQR1nokd_1kGYE - ChIJqZW8Cvb_n0ARBuUkyCzgDDg 
2020-01-30 14:36:42.917 INFO  Searched for ChIJlQMQ1iS6yhQR1nokd_1kGYE - ChIJqZW8Cvb_n0ARBuUkyCzgDDg 
2020-01-30 14:36:42.917 INFO  Searched for ChIJlQMQ1iS6yhQR1nokd_1kGYE - ChIJqZW8Cvb_n0ARBuUkyCzgDDg 
2020-01-30 14:38:26.349 INFO  Searched for ChIJlQMQ1iS6yhQR1nokd_1kGYE - ChIJqZW8Cvb_n0ARBuUkyCzgDDg 
2020-01-30 14:38:26.349 INFO  Searched for ChIJlQMQ1iS6yhQR1nokd_1kGYE - ChIJqZW8Cvb_n0ARBuUkyCzgDDg 
2020-01-30 14:38:38.389 INFO  Searched for ChIJlQMQ1iS6yhQR1nokd_1kGYE - ChIJqZW8Cvb_n0ARBuUkyCzgDDg 
2020-01-30 14:38:38.389 INFO  Searched for ChIJlQMQ1iS6yhQR1nokd_1kGYE - ChIJqZW8Cvb_n0ARBuUkyCzgDDg 
2020-01-30 16:19:59.673 INFO  Searched for ChIJlQMQ1iS6yhQR1nokd_1kGYE - ChIJqZW8Cvb_n0ARBuUkyCzgDDg 
2020-01-30 16:19:59.673 INFO  Searched for ChIJlQMQ1iS6yhQR1nokd_1kGYE - ChIJqZW8Cvb_n0ARBuUkyCzgDDg 
2020-01-30 16:48:33.873 INFO  Book 10080 has inserted 
2020-01-30 16:48:33.874 INFO  Book 10080 has inserted 
2020-01-30 16:54:29.899 INFO  Book 10081 has inserted 
2020-01-30 16:55:41.418 INFO  Book 10082 has inserted 
2020-01-30 16:56:59.630 INFO  Book 10083 has inserted 
2020-01-30 16:57:01.431 INFO  E-mail sent to kureysalp@gmail.com 
2020-01-30 16:58:00.947 INFO  Book 10084 has inserted 
2020-01-30 16:58:00.990 INFO  Book 10085 has inserted (return) 
2020-01-30 16:58:01.453 INFO  E-mail sent to kureysalp@gmail.com (return) 
2020-01-31 00:00:29.316 INFO  Searched for ChIJlQMQ1iS6yhQR1nokd_1kGYE - ChIJqZW8Cvb_n0ARBuUkyCzgDDg 
2020-01-31 00:00:29.316 INFO  Searched for ChIJlQMQ1iS6yhQR1nokd_1kGYE - ChIJqZW8Cvb_n0ARBuUkyCzgDDg 
2020-01-31 16:00:59.044 INFO  Searched for ChIJlQMQ1iS6yhQR1nokd_1kGYE - ChIJqZW8Cvb_n0ARBuUkyCzgDDg 
2020-01-31 16:00:59.044 INFO  Searched for ChIJlQMQ1iS6yhQR1nokd_1kGYE - ChIJqZW8Cvb_n0ARBuUkyCzgDDg 
2020-01-31 16:01:24.514 INFO  Book 10086 has inserted 
2020-01-31 16:03:04.048 INFO  Book 10087 has inserted 
2020-01-31 16:04:05.680 INFO  Book 10088 has inserted 
2020-01-31 16:04:37.855 INFO  Book 10089 has inserted 
2020-01-31 16:05:08.233 INFO  Book 10090 has inserted 
2020-01-31 16:20:51.512 INFO  Book 10091 has inserted 
2020-01-31 16:20:51.606 INFO  Book 10092 has inserted (return) 
2020-01-31 16:22:40.368 INFO  Book 10093 has inserted 
2020-01-31 16:22:40.415 INFO  Book 10094 has inserted (return) 
2020-01-31 16:39:57.710 INFO  Book 10095 has inserted 
2020-01-31 16:39:57.743 INFO  Book 10096 has inserted (return) 
2020-01-31 16:40:38.149 INFO  Book 10097 has inserted 
2020-01-31 16:40:38.183 INFO  Book 10098 has inserted (return) 
2020-01-31 17:46:23.245 INFO  Book 10099 has inserted 
2020-01-31 17:46:23.291 INFO  Book 10100 has inserted (return) 
2020-02-04 18:47:35.157 INFO  Searched for ChIJlQMQ1iS6yhQR1nokd_1kGYE - ChIJqZW8Cvb_n0ARBuUkyCzgDDg 
2020-02-04 18:47:35.157 INFO  Searched for ChIJlQMQ1iS6yhQR1nokd_1kGYE - ChIJqZW8Cvb_n0ARBuUkyCzgDDg 
2020-02-04 18:48:26.882 INFO  Searched for ChIJlQMQ1iS6yhQR1nokd_1kGYE - ChIJqZW8Cvb_n0ARBuUkyCzgDDg 
2020-02-04 18:48:26.882 INFO  Searched for ChIJlQMQ1iS6yhQR1nokd_1kGYE - ChIJqZW8Cvb_n0ARBuUkyCzgDDg 
2020-02-04 18:48:44.393 INFO  Searched for ChIJlQMQ1iS6yhQR1nokd_1kGYE - ChIJqZW8Cvb_n0ARBuUkyCzgDDg 
2020-02-04 18:48:44.393 INFO  Searched for ChIJlQMQ1iS6yhQR1nokd_1kGYE - ChIJqZW8Cvb_n0ARBuUkyCzgDDg 
2020-02-04 18:49:43.921 INFO  Searched for ChIJlQMQ1iS6yhQR1nokd_1kGYE - ChIJqZW8Cvb_n0ARBuUkyCzgDDg 
2020-02-04 18:49:43.921 INFO  Searched for ChIJlQMQ1iS6yhQR1nokd_1kGYE - ChIJqZW8Cvb_n0ARBuUkyCzgDDg 
2020-02-04 18:50:01.719 INFO  Searched for ChIJlQMQ1iS6yhQR1nokd_1kGYE - ChIJqZW8Cvb_n0ARBuUkyCzgDDg 
2020-02-04 18:50:01.719 INFO  Searched for ChIJlQMQ1iS6yhQR1nokd_1kGYE - ChIJqZW8Cvb_n0ARBuUkyCzgDDg 
2020-02-04 18:51:42.478 INFO  Searched for ChIJlQMQ1iS6yhQR1nokd_1kGYE - ChIJqZW8Cvb_n0ARBuUkyCzgDDg 
2020-02-04 18:51:42.478 INFO  Searched for ChIJlQMQ1iS6yhQR1nokd_1kGYE - ChIJqZW8Cvb_n0ARBuUkyCzgDDg 
2020-02-04 18:51:50.671 INFO  Searched for ChIJlQMQ1iS6yhQR1nokd_1kGYE - ChIJqZW8Cvb_n0ARBuUkyCzgDDg 
2020-02-04 18:51:50.671 INFO  Searched for ChIJlQMQ1iS6yhQR1nokd_1kGYE - ChIJqZW8Cvb_n0ARBuUkyCzgDDg 
2020-02-04 19:02:35.187 INFO  Searched for ChIJlQMQ1iS6yhQR1nokd_1kGYE - ChIJqZW8Cvb_n0ARBuUkyCzgDDg 
2020-02-04 19:02:35.187 INFO  Searched for ChIJlQMQ1iS6yhQR1nokd_1kGYE - ChIJqZW8Cvb_n0ARBuUkyCzgDDg 
2020-02-04 19:03:11.508 INFO  Searched for ChIJlQMQ1iS6yhQR1nokd_1kGYE - ChIJqZW8Cvb_n0ARBuUkyCzgDDg 
2020-02-04 19:03:11.508 INFO  Searched for ChIJlQMQ1iS6yhQR1nokd_1kGYE - ChIJqZW8Cvb_n0ARBuUkyCzgDDg 
2020-02-04 19:07:32.052 INFO  Searched for ChIJlQMQ1iS6yhQR1nokd_1kGYE - ChIJqZW8Cvb_n0ARBuUkyCzgDDg 
2020-02-04 19:07:32.052 INFO  Searched for ChIJlQMQ1iS6yhQR1nokd_1kGYE - ChIJqZW8Cvb_n0ARBuUkyCzgDDg 
2020-02-04 19:09:07.474 INFO  Searched for ChIJlQMQ1iS6yhQR1nokd_1kGYE - ChIJqZW8Cvb_n0ARBuUkyCzgDDg 
2020-02-04 19:09:07.474 INFO  Searched for ChIJlQMQ1iS6yhQR1nokd_1kGYE - ChIJqZW8Cvb_n0ARBuUkyCzgDDg 
2020-02-04 19:10:27.073 INFO  Searched for ChIJlQMQ1iS6yhQR1nokd_1kGYE - ChIJqZW8Cvb_n0ARBuUkyCzgDDg 
2020-02-04 19:10:27.073 INFO  Searched for ChIJlQMQ1iS6yhQR1nokd_1kGYE - ChIJqZW8Cvb_n0ARBuUkyCzgDDg 
2020-02-04 19:11:04.444 INFO  Searched for ChIJlQMQ1iS6yhQR1nokd_1kGYE - ChIJqZW8Cvb_n0ARBuUkyCzgDDg 
2020-02-04 19:11:04.444 INFO  Searched for ChIJlQMQ1iS6yhQR1nokd_1kGYE - ChIJqZW8Cvb_n0ARBuUkyCzgDDg 
2020-02-04 19:11:16.964 INFO  Searched for ChIJlQMQ1iS6yhQR1nokd_1kGYE - ChIJqZW8Cvb_n0ARBuUkyCzgDDg 
2020-02-04 19:11:16.964 INFO  Searched for ChIJlQMQ1iS6yhQR1nokd_1kGYE - ChIJqZW8Cvb_n0ARBuUkyCzgDDg 
2020-02-04 19:11:20.018 INFO  Searched for ChIJlQMQ1iS6yhQR1nokd_1kGYE - ChIJqZW8Cvb_n0ARBuUkyCzgDDg 
2020-02-04 19:11:20.018 INFO  Searched for ChIJlQMQ1iS6yhQR1nokd_1kGYE - ChIJqZW8Cvb_n0ARBuUkyCzgDDg 
2020-02-04 19:11:39.720 INFO  Searched for ChIJlQMQ1iS6yhQR1nokd_1kGYE - ChIJqZW8Cvb_n0ARBuUkyCzgDDg 
2020-02-04 19:11:39.720 INFO  Searched for ChIJlQMQ1iS6yhQR1nokd_1kGYE - ChIJqZW8Cvb_n0ARBuUkyCzgDDg 
2020-02-04 19:11:51.287 INFO  Searched for ChIJlQMQ1iS6yhQR1nokd_1kGYE - ChIJqZW8Cvb_n0ARBuUkyCzgDDg 
2020-02-04 19:11:51.287 INFO  Searched for ChIJlQMQ1iS6yhQR1nokd_1kGYE - ChIJqZW8Cvb_n0ARBuUkyCzgDDg 
2020-02-04 19:12:09.787 INFO  Searched for ChIJlQMQ1iS6yhQR1nokd_1kGYE - ChIJqZW8Cvb_n0ARBuUkyCzgDDg 
2020-02-04 19:12:09.787 INFO  Searched for ChIJlQMQ1iS6yhQR1nokd_1kGYE - ChIJqZW8Cvb_n0ARBuUkyCzgDDg 
2020-02-04 19:12:16.658 INFO  Searched for ChIJlQMQ1iS6yhQR1nokd_1kGYE - ChIJqZW8Cvb_n0ARBuUkyCzgDDg 
2020-02-04 19:12:16.658 INFO  Searched for ChIJlQMQ1iS6yhQR1nokd_1kGYE - ChIJqZW8Cvb_n0ARBuUkyCzgDDg 
2020-02-04 19:12:21.759 INFO  Searched for ChIJlQMQ1iS6yhQR1nokd_1kGYE - ChIJqZW8Cvb_n0ARBuUkyCzgDDg 
2020-02-04 19:12:21.759 INFO  Searched for ChIJlQMQ1iS6yhQR1nokd_1kGYE - ChIJqZW8Cvb_n0ARBuUkyCzgDDg 
2020-02-04 19:12:30.594 INFO  Searched for ChIJlQMQ1iS6yhQR1nokd_1kGYE - ChIJqZW8Cvb_n0ARBuUkyCzgDDg 
2020-02-04 19:12:30.594 INFO  Searched for ChIJlQMQ1iS6yhQR1nokd_1kGYE - ChIJqZW8Cvb_n0ARBuUkyCzgDDg 
2020-02-04 19:12:36.607 INFO  Searched for ChIJlQMQ1iS6yhQR1nokd_1kGYE - ChIJqZW8Cvb_n0ARBuUkyCzgDDg 
2020-02-04 19:12:36.607 INFO  Searched for ChIJlQMQ1iS6yhQR1nokd_1kGYE - ChIJqZW8Cvb_n0ARBuUkyCzgDDg 
2020-02-04 19:13:09.892 INFO  Searched for ChIJlQMQ1iS6yhQR1nokd_1kGYE - ChIJqZW8Cvb_n0ARBuUkyCzgDDg 
2020-02-04 19:13:09.892 INFO  Searched for ChIJlQMQ1iS6yhQR1nokd_1kGYE - ChIJqZW8Cvb_n0ARBuUkyCzgDDg 
2020-02-04 19:13:46.183 INFO  Searched for ChIJlQMQ1iS6yhQR1nokd_1kGYE - ChIJqZW8Cvb_n0ARBuUkyCzgDDg 
2020-02-04 19:13:46.183 INFO  Searched for ChIJlQMQ1iS6yhQR1nokd_1kGYE - ChIJqZW8Cvb_n0ARBuUkyCzgDDg 
2020-02-04 19:14:00.457 INFO  Searched for ChIJlQMQ1iS6yhQR1nokd_1kGYE - ChIJqZW8Cvb_n0ARBuUkyCzgDDg 
2020-02-04 19:14:00.457 INFO  Searched for ChIJlQMQ1iS6yhQR1nokd_1kGYE - ChIJqZW8Cvb_n0ARBuUkyCzgDDg 
2020-02-04 19:14:07.951 INFO  Searched for ChIJlQMQ1iS6yhQR1nokd_1kGYE - ChIJqZW8Cvb_n0ARBuUkyCzgDDg 
2020-02-04 19:14:07.952 INFO  Searched for ChIJlQMQ1iS6yhQR1nokd_1kGYE - ChIJqZW8Cvb_n0ARBuUkyCzgDDg 
2020-02-04 19:14:21.454 INFO  Searched for ChIJlQMQ1iS6yhQR1nokd_1kGYE - ChIJqZW8Cvb_n0ARBuUkyCzgDDg 
2020-02-04 19:14:21.454 INFO  Searched for ChIJlQMQ1iS6yhQR1nokd_1kGYE - ChIJqZW8Cvb_n0ARBuUkyCzgDDg 
2020-02-04 19:14:28.792 INFO  Searched for ChIJlQMQ1iS6yhQR1nokd_1kGYE - ChIJqZW8Cvb_n0ARBuUkyCzgDDg 
2020-02-04 19:14:28.792 INFO  Searched for ChIJlQMQ1iS6yhQR1nokd_1kGYE - ChIJqZW8Cvb_n0ARBuUkyCzgDDg 
2020-02-04 19:14:53.931 INFO  Searched for ChIJlQMQ1iS6yhQR1nokd_1kGYE - ChIJqZW8Cvb_n0ARBuUkyCzgDDg 
2020-02-04 19:14:53.931 INFO  Searched for ChIJlQMQ1iS6yhQR1nokd_1kGYE - ChIJqZW8Cvb_n0ARBuUkyCzgDDg 
2020-02-04 19:15:16.741 INFO  Searched for ChIJlQMQ1iS6yhQR1nokd_1kGYE - ChIJqZW8Cvb_n0ARBuUkyCzgDDg 
2020-02-04 19:15:16.741 INFO  Searched for ChIJlQMQ1iS6yhQR1nokd_1kGYE - ChIJqZW8Cvb_n0ARBuUkyCzgDDg 
2020-02-04 19:15:47.009 INFO  Searched for ChIJlQMQ1iS6yhQR1nokd_1kGYE - ChIJqZW8Cvb_n0ARBuUkyCzgDDg 
2020-02-04 19:15:47.009 INFO  Searched for ChIJlQMQ1iS6yhQR1nokd_1kGYE - ChIJqZW8Cvb_n0ARBuUkyCzgDDg 
2020-02-04 19:16:03.947 INFO  Searched for ChIJlQMQ1iS6yhQR1nokd_1kGYE - ChIJqZW8Cvb_n0ARBuUkyCzgDDg 
2020-02-04 19:16:03.947 INFO  Searched for ChIJlQMQ1iS6yhQR1nokd_1kGYE - ChIJqZW8Cvb_n0ARBuUkyCzgDDg 
2020-02-04 19:16:20.786 INFO  Searched for ChIJlQMQ1iS6yhQR1nokd_1kGYE - ChIJqZW8Cvb_n0ARBuUkyCzgDDg 
2020-02-04 19:16:20.786 INFO  Searched for ChIJlQMQ1iS6yhQR1nokd_1kGYE - ChIJqZW8Cvb_n0ARBuUkyCzgDDg 
2020-02-04 19:16:37.822 INFO  Searched for ChIJlQMQ1iS6yhQR1nokd_1kGYE - ChIJqZW8Cvb_n0ARBuUkyCzgDDg 
2020-02-04 19:16:37.822 INFO  Searched for ChIJlQMQ1iS6yhQR1nokd_1kGYE - ChIJqZW8Cvb_n0ARBuUkyCzgDDg 
2020-02-04 19:16:56.557 INFO  Searched for ChIJlQMQ1iS6yhQR1nokd_1kGYE - ChIJqZW8Cvb_n0ARBuUkyCzgDDg 
2020-02-04 19:16:56.557 INFO  Searched for ChIJlQMQ1iS6yhQR1nokd_1kGYE - ChIJqZW8Cvb_n0ARBuUkyCzgDDg 
2020-02-04 19:17:00.827 INFO  Searched for ChIJlQMQ1iS6yhQR1nokd_1kGYE - ChIJqZW8Cvb_n0ARBuUkyCzgDDg 
2020-02-04 19:17:00.827 INFO  Searched for ChIJlQMQ1iS6yhQR1nokd_1kGYE - ChIJqZW8Cvb_n0ARBuUkyCzgDDg 
2020-02-04 19:22:37.065 INFO  Searched for ChIJlQMQ1iS6yhQR1nokd_1kGYE - ChIJqZW8Cvb_n0ARBuUkyCzgDDg 
2020-02-04 19:22:37.065 INFO  Searched for ChIJlQMQ1iS6yhQR1nokd_1kGYE - ChIJqZW8Cvb_n0ARBuUkyCzgDDg 
2020-02-04 19:22:40.741 INFO  Searched for ChIJlQMQ1iS6yhQR1nokd_1kGYE - ChIJqZW8Cvb_n0ARBuUkyCzgDDg 
2020-02-04 19:22:40.741 INFO  Searched for ChIJlQMQ1iS6yhQR1nokd_1kGYE - ChIJqZW8Cvb_n0ARBuUkyCzgDDg 
2020-02-04 19:23:26.210 INFO  Searched for ChIJlQMQ1iS6yhQR1nokd_1kGYE - ChIJqZW8Cvb_n0ARBuUkyCzgDDg 
2020-02-04 19:23:26.210 INFO  Searched for ChIJlQMQ1iS6yhQR1nokd_1kGYE - ChIJqZW8Cvb_n0ARBuUkyCzgDDg 
2020-02-04 19:23:32.973 INFO  Searched for ChIJlQMQ1iS6yhQR1nokd_1kGYE - ChIJqZW8Cvb_n0ARBuUkyCzgDDg 
2020-02-04 19:23:32.973 INFO  Searched for ChIJlQMQ1iS6yhQR1nokd_1kGYE - ChIJqZW8Cvb_n0ARBuUkyCzgDDg 
2020-02-04 19:24:11.872 INFO  Searched for ChIJlQMQ1iS6yhQR1nokd_1kGYE - ChIJqZW8Cvb_n0ARBuUkyCzgDDg 
2020-02-04 19:24:11.872 INFO  Searched for ChIJlQMQ1iS6yhQR1nokd_1kGYE - ChIJqZW8Cvb_n0ARBuUkyCzgDDg 
2020-02-04 19:24:17.519 INFO  Searched for ChIJlQMQ1iS6yhQR1nokd_1kGYE - ChIJqZW8Cvb_n0ARBuUkyCzgDDg 
2020-02-04 19:24:17.519 INFO  Searched for ChIJlQMQ1iS6yhQR1nokd_1kGYE - ChIJqZW8Cvb_n0ARBuUkyCzgDDg 
2020-02-04 19:24:32.854 INFO  Searched for ChIJlQMQ1iS6yhQR1nokd_1kGYE - ChIJqZW8Cvb_n0ARBuUkyCzgDDg 
2020-02-04 19:24:32.854 INFO  Searched for ChIJlQMQ1iS6yhQR1nokd_1kGYE - ChIJqZW8Cvb_n0ARBuUkyCzgDDg 
2020-02-04 19:28:00.909 INFO  Searched for ChIJlQMQ1iS6yhQR1nokd_1kGYE - ChIJqZW8Cvb_n0ARBuUkyCzgDDg 
2020-02-04 19:28:00.909 INFO  Searched for ChIJlQMQ1iS6yhQR1nokd_1kGYE - ChIJqZW8Cvb_n0ARBuUkyCzgDDg 
2020-02-04 19:28:10.540 INFO  Searched for ChIJlQMQ1iS6yhQR1nokd_1kGYE - ChIJqZW8Cvb_n0ARBuUkyCzgDDg 
2020-02-04 19:28:10.540 INFO  Searched for ChIJlQMQ1iS6yhQR1nokd_1kGYE - ChIJqZW8Cvb_n0ARBuUkyCzgDDg 
2020-02-04 19:29:08.324 INFO  Searched for ChIJlQMQ1iS6yhQR1nokd_1kGYE - ChIJqZW8Cvb_n0ARBuUkyCzgDDg 
2020-02-04 19:29:08.324 INFO  Searched for ChIJlQMQ1iS6yhQR1nokd_1kGYE - ChIJqZW8Cvb_n0ARBuUkyCzgDDg 
2020-02-04 19:30:33.645 INFO  Searched for ChIJlQMQ1iS6yhQR1nokd_1kGYE - ChIJqZW8Cvb_n0ARBuUkyCzgDDg 
2020-02-04 19:30:33.645 INFO  Searched for ChIJlQMQ1iS6yhQR1nokd_1kGYE - ChIJqZW8Cvb_n0ARBuUkyCzgDDg 
2020-02-04 19:30:53.525 INFO  Searched for ChIJlQMQ1iS6yhQR1nokd_1kGYE - ChIJqZW8Cvb_n0ARBuUkyCzgDDg 
2020-02-04 19:30:53.525 INFO  Searched for ChIJlQMQ1iS6yhQR1nokd_1kGYE - ChIJqZW8Cvb_n0ARBuUkyCzgDDg 
2020-02-04 19:31:53.075 INFO  Searched for ChIJlQMQ1iS6yhQR1nokd_1kGYE - ChIJqZW8Cvb_n0ARBuUkyCzgDDg 
2020-02-04 19:31:53.075 INFO  Searched for ChIJlQMQ1iS6yhQR1nokd_1kGYE - ChIJqZW8Cvb_n0ARBuUkyCzgDDg 
2020-02-04 19:32:10.537 INFO  Searched for ChIJlQMQ1iS6yhQR1nokd_1kGYE - ChIJqZW8Cvb_n0ARBuUkyCzgDDg 
2020-02-04 19:32:10.537 INFO  Searched for ChIJlQMQ1iS6yhQR1nokd_1kGYE - ChIJqZW8Cvb_n0ARBuUkyCzgDDg 
2020-02-04 19:32:50.214 INFO  Searched for ChIJlQMQ1iS6yhQR1nokd_1kGYE - ChIJqZW8Cvb_n0ARBuUkyCzgDDg 
2020-02-04 19:32:50.214 INFO  Searched for ChIJlQMQ1iS6yhQR1nokd_1kGYE - ChIJqZW8Cvb_n0ARBuUkyCzgDDg 
2020-02-04 19:34:43.296 INFO  Searched for ChIJlQMQ1iS6yhQR1nokd_1kGYE - ChIJqZW8Cvb_n0ARBuUkyCzgDDg 
2020-02-04 19:34:43.296 INFO  Searched for ChIJlQMQ1iS6yhQR1nokd_1kGYE - ChIJqZW8Cvb_n0ARBuUkyCzgDDg 
2020-02-04 19:35:19.712 INFO  Searched for ChIJlQMQ1iS6yhQR1nokd_1kGYE - ChIJqZW8Cvb_n0ARBuUkyCzgDDg 
2020-02-04 19:35:19.712 INFO  Searched for ChIJlQMQ1iS6yhQR1nokd_1kGYE - ChIJqZW8Cvb_n0ARBuUkyCzgDDg 
2020-02-04 19:36:01.872 INFO  Searched for ChIJlQMQ1iS6yhQR1nokd_1kGYE - ChIJqZW8Cvb_n0ARBuUkyCzgDDg 
2020-02-04 19:36:01.872 INFO  Searched for ChIJlQMQ1iS6yhQR1nokd_1kGYE - ChIJqZW8Cvb_n0ARBuUkyCzgDDg 
2020-02-04 19:37:43.109 INFO  Searched for ChIJlQMQ1iS6yhQR1nokd_1kGYE - ChIJqZW8Cvb_n0ARBuUkyCzgDDg 
2020-02-04 19:37:43.109 INFO  Searched for ChIJlQMQ1iS6yhQR1nokd_1kGYE - ChIJqZW8Cvb_n0ARBuUkyCzgDDg 
2020-02-04 19:39:08.306 INFO  Searched for ChIJlQMQ1iS6yhQR1nokd_1kGYE - ChIJqZW8Cvb_n0ARBuUkyCzgDDg 
2020-02-04 19:39:08.306 INFO  Searched for ChIJlQMQ1iS6yhQR1nokd_1kGYE - ChIJqZW8Cvb_n0ARBuUkyCzgDDg 
2020-02-04 19:39:12.714 INFO  Searched for ChIJlQMQ1iS6yhQR1nokd_1kGYE - ChIJqZW8Cvb_n0ARBuUkyCzgDDg 
2020-02-04 19:39:12.714 INFO  Searched for ChIJlQMQ1iS6yhQR1nokd_1kGYE - ChIJqZW8Cvb_n0ARBuUkyCzgDDg 
2020-02-04 19:39:32.060 INFO  Searched for ChIJlQMQ1iS6yhQR1nokd_1kGYE - ChIJqZW8Cvb_n0ARBuUkyCzgDDg 
2020-02-04 19:39:32.060 INFO  Searched for ChIJlQMQ1iS6yhQR1nokd_1kGYE - ChIJqZW8Cvb_n0ARBuUkyCzgDDg 
2020-02-04 19:40:51.653 INFO  Searched for ChIJlQMQ1iS6yhQR1nokd_1kGYE - ChIJqZW8Cvb_n0ARBuUkyCzgDDg 
2020-02-04 19:40:51.653 INFO  Searched for ChIJlQMQ1iS6yhQR1nokd_1kGYE - ChIJqZW8Cvb_n0ARBuUkyCzgDDg 
2020-02-04 19:41:05.906 INFO  Searched for ChIJlQMQ1iS6yhQR1nokd_1kGYE - ChIJqZW8Cvb_n0ARBuUkyCzgDDg 
2020-02-04 19:41:05.906 INFO  Searched for ChIJlQMQ1iS6yhQR1nokd_1kGYE - ChIJqZW8Cvb_n0ARBuUkyCzgDDg 
2020-02-04 19:42:10.086 INFO  Searched for ChIJlQMQ1iS6yhQR1nokd_1kGYE - ChIJqZW8Cvb_n0ARBuUkyCzgDDg 
2020-02-04 19:42:10.086 INFO  Searched for ChIJlQMQ1iS6yhQR1nokd_1kGYE - ChIJqZW8Cvb_n0ARBuUkyCzgDDg 
2020-02-04 19:43:13.603 INFO  Searched for ChIJlQMQ1iS6yhQR1nokd_1kGYE - ChIJqZW8Cvb_n0ARBuUkyCzgDDg 
2020-02-04 19:43:13.603 INFO  Searched for ChIJlQMQ1iS6yhQR1nokd_1kGYE - ChIJqZW8Cvb_n0ARBuUkyCzgDDg 
2020-02-04 19:43:22.415 INFO  Searched for ChIJlQMQ1iS6yhQR1nokd_1kGYE - ChIJqZW8Cvb_n0ARBuUkyCzgDDg 
2020-02-04 19:43:22.415 INFO  Searched for ChIJlQMQ1iS6yhQR1nokd_1kGYE - ChIJqZW8Cvb_n0ARBuUkyCzgDDg 
2020-02-04 19:43:27.356 INFO  Searched for ChIJlQMQ1iS6yhQR1nokd_1kGYE - ChIJqZW8Cvb_n0ARBuUkyCzgDDg 
2020-02-04 19:43:27.356 INFO  Searched for ChIJlQMQ1iS6yhQR1nokd_1kGYE - ChIJqZW8Cvb_n0ARBuUkyCzgDDg 
2020-02-04 19:44:35.356 INFO  Searched for ChIJlQMQ1iS6yhQR1nokd_1kGYE - ChIJqZW8Cvb_n0ARBuUkyCzgDDg 
2020-02-04 19:44:35.356 INFO  Searched for ChIJlQMQ1iS6yhQR1nokd_1kGYE - ChIJqZW8Cvb_n0ARBuUkyCzgDDg 
2020-02-04 19:44:49.601 INFO  Searched for ChIJlQMQ1iS6yhQR1nokd_1kGYE - ChIJqZW8Cvb_n0ARBuUkyCzgDDg 
2020-02-04 19:44:49.601 INFO  Searched for ChIJlQMQ1iS6yhQR1nokd_1kGYE - ChIJqZW8Cvb_n0ARBuUkyCzgDDg 
2020-02-04 19:44:54.873 INFO  Searched for ChIJlQMQ1iS6yhQR1nokd_1kGYE - ChIJqZW8Cvb_n0ARBuUkyCzgDDg 
2020-02-04 19:44:54.873 INFO  Searched for ChIJlQMQ1iS6yhQR1nokd_1kGYE - ChIJqZW8Cvb_n0ARBuUkyCzgDDg 
2020-02-04 19:45:05.906 INFO  Searched for ChIJlQMQ1iS6yhQR1nokd_1kGYE - ChIJqZW8Cvb_n0ARBuUkyCzgDDg 
2020-02-04 19:45:05.906 INFO  Searched for ChIJlQMQ1iS6yhQR1nokd_1kGYE - ChIJqZW8Cvb_n0ARBuUkyCzgDDg 
2020-02-04 19:45:20.482 INFO  Searched for ChIJlQMQ1iS6yhQR1nokd_1kGYE - ChIJqZW8Cvb_n0ARBuUkyCzgDDg 
2020-02-04 19:45:20.482 INFO  Searched for ChIJlQMQ1iS6yhQR1nokd_1kGYE - ChIJqZW8Cvb_n0ARBuUkyCzgDDg 
2020-02-04 19:45:27.134 INFO  Searched for ChIJlQMQ1iS6yhQR1nokd_1kGYE - ChIJqZW8Cvb_n0ARBuUkyCzgDDg 
2020-02-04 19:45:27.134 INFO  Searched for ChIJlQMQ1iS6yhQR1nokd_1kGYE - ChIJqZW8Cvb_n0ARBuUkyCzgDDg 
2020-02-04 19:45:34.589 INFO  Searched for ChIJlQMQ1iS6yhQR1nokd_1kGYE - ChIJqZW8Cvb_n0ARBuUkyCzgDDg 
2020-02-04 19:45:34.589 INFO  Searched for ChIJlQMQ1iS6yhQR1nokd_1kGYE - ChIJqZW8Cvb_n0ARBuUkyCzgDDg 
2020-02-04 19:45:42.444 INFO  Searched for ChIJlQMQ1iS6yhQR1nokd_1kGYE - ChIJqZW8Cvb_n0ARBuUkyCzgDDg 
2020-02-04 19:45:42.444 INFO  Searched for ChIJlQMQ1iS6yhQR1nokd_1kGYE - ChIJqZW8Cvb_n0ARBuUkyCzgDDg 
2020-02-04 19:46:06.923 INFO  Searched for ChIJlQMQ1iS6yhQR1nokd_1kGYE - ChIJqZW8Cvb_n0ARBuUkyCzgDDg 
2020-02-04 19:46:06.923 INFO  Searched for ChIJlQMQ1iS6yhQR1nokd_1kGYE - ChIJqZW8Cvb_n0ARBuUkyCzgDDg 
2020-02-04 19:46:16.409 INFO  Searched for ChIJlQMQ1iS6yhQR1nokd_1kGYE - ChIJqZW8Cvb_n0ARBuUkyCzgDDg 
2020-02-04 19:46:16.409 INFO  Searched for ChIJlQMQ1iS6yhQR1nokd_1kGYE - ChIJqZW8Cvb_n0ARBuUkyCzgDDg 
2020-02-04 19:46:22.697 INFO  Searched for ChIJlQMQ1iS6yhQR1nokd_1kGYE - ChIJqZW8Cvb_n0ARBuUkyCzgDDg 
2020-02-04 19:46:22.697 INFO  Searched for ChIJlQMQ1iS6yhQR1nokd_1kGYE - ChIJqZW8Cvb_n0ARBuUkyCzgDDg 
2020-02-04 19:46:42.085 INFO  Searched for ChIJlQMQ1iS6yhQR1nokd_1kGYE - ChIJqZW8Cvb_n0ARBuUkyCzgDDg 
2020-02-04 19:46:42.085 INFO  Searched for ChIJlQMQ1iS6yhQR1nokd_1kGYE - ChIJqZW8Cvb_n0ARBuUkyCzgDDg 
2020-02-04 20:25:35.772 INFO  Searched for ChIJlQMQ1iS6yhQR1nokd_1kGYE - ChIJqZW8Cvb_n0ARBuUkyCzgDDg 
2020-02-04 20:25:35.772 INFO  Searched for ChIJlQMQ1iS6yhQR1nokd_1kGYE - ChIJqZW8Cvb_n0ARBuUkyCzgDDg 
2020-02-04 20:25:52.635 INFO  Searched for ChIJlQMQ1iS6yhQR1nokd_1kGYE - ChIJqZW8Cvb_n0ARBuUkyCzgDDg 
2020-02-04 20:25:52.635 INFO  Searched for ChIJlQMQ1iS6yhQR1nokd_1kGYE - ChIJqZW8Cvb_n0ARBuUkyCzgDDg 
2020-02-04 20:26:20.888 INFO  Searched for ChIJlQMQ1iS6yhQR1nokd_1kGYE - ChIJqZW8Cvb_n0ARBuUkyCzgDDg 
2020-02-04 20:26:20.888 INFO  Searched for ChIJlQMQ1iS6yhQR1nokd_1kGYE - ChIJqZW8Cvb_n0ARBuUkyCzgDDg 
2020-02-04 20:27:18.184 INFO  Searched for ChIJlQMQ1iS6yhQR1nokd_1kGYE - ChIJqZW8Cvb_n0ARBuUkyCzgDDg 
2020-02-04 20:27:18.184 INFO  Searched for ChIJlQMQ1iS6yhQR1nokd_1kGYE - ChIJqZW8Cvb_n0ARBuUkyCzgDDg 
2020-02-04 20:27:29.953 INFO  Searched for ChIJlQMQ1iS6yhQR1nokd_1kGYE - ChIJqZW8Cvb_n0ARBuUkyCzgDDg 
2020-02-04 20:27:29.953 INFO  Searched for ChIJlQMQ1iS6yhQR1nokd_1kGYE - ChIJqZW8Cvb_n0ARBuUkyCzgDDg 
2020-02-04 20:27:53.681 INFO  Searched for ChIJlQMQ1iS6yhQR1nokd_1kGYE - ChIJqZW8Cvb_n0ARBuUkyCzgDDg 
2020-02-04 20:27:53.681 INFO  Searched for ChIJlQMQ1iS6yhQR1nokd_1kGYE - ChIJqZW8Cvb_n0ARBuUkyCzgDDg 
2020-02-04 20:28:18.548 INFO  Searched for ChIJlQMQ1iS6yhQR1nokd_1kGYE - ChIJqZW8Cvb_n0ARBuUkyCzgDDg 
2020-02-04 20:28:18.548 INFO  Searched for ChIJlQMQ1iS6yhQR1nokd_1kGYE - ChIJqZW8Cvb_n0ARBuUkyCzgDDg 
2020-02-04 20:28:33.897 INFO  Searched for ChIJlQMQ1iS6yhQR1nokd_1kGYE - ChIJqZW8Cvb_n0ARBuUkyCzgDDg 
2020-02-04 20:28:33.897 INFO  Searched for ChIJlQMQ1iS6yhQR1nokd_1kGYE - ChIJqZW8Cvb_n0ARBuUkyCzgDDg 
2020-02-04 20:28:49.900 INFO  Searched for ChIJlQMQ1iS6yhQR1nokd_1kGYE - ChIJqZW8Cvb_n0ARBuUkyCzgDDg 
2020-02-04 20:28:49.900 INFO  Searched for ChIJlQMQ1iS6yhQR1nokd_1kGYE - ChIJqZW8Cvb_n0ARBuUkyCzgDDg 
2020-02-04 20:30:31.113 INFO  Searched for ChIJlQMQ1iS6yhQR1nokd_1kGYE - ChIJqZW8Cvb_n0ARBuUkyCzgDDg 
2020-02-04 20:30:31.113 INFO  Searched for ChIJlQMQ1iS6yhQR1nokd_1kGYE - ChIJqZW8Cvb_n0ARBuUkyCzgDDg 
2020-02-04 20:30:52.978 INFO  Searched for ChIJlQMQ1iS6yhQR1nokd_1kGYE - ChIJqZW8Cvb_n0ARBuUkyCzgDDg 
2020-02-04 20:30:52.978 INFO  Searched for ChIJlQMQ1iS6yhQR1nokd_1kGYE - ChIJqZW8Cvb_n0ARBuUkyCzgDDg 
2020-02-04 20:31:46.594 INFO  Searched for ChIJlQMQ1iS6yhQR1nokd_1kGYE - ChIJqZW8Cvb_n0ARBuUkyCzgDDg 
2020-02-04 20:31:46.594 INFO  Searched for ChIJlQMQ1iS6yhQR1nokd_1kGYE - ChIJqZW8Cvb_n0ARBuUkyCzgDDg 
2020-02-04 20:31:54.912 INFO  Searched for ChIJlQMQ1iS6yhQR1nokd_1kGYE - ChIJqZW8Cvb_n0ARBuUkyCzgDDg 
2020-02-04 20:31:54.912 INFO  Searched for ChIJlQMQ1iS6yhQR1nokd_1kGYE - ChIJqZW8Cvb_n0ARBuUkyCzgDDg 
2020-02-04 20:32:00.031 INFO  Searched for ChIJlQMQ1iS6yhQR1nokd_1kGYE - ChIJqZW8Cvb_n0ARBuUkyCzgDDg 
2020-02-04 20:32:00.031 INFO  Searched for ChIJlQMQ1iS6yhQR1nokd_1kGYE - ChIJqZW8Cvb_n0ARBuUkyCzgDDg 
2020-02-04 20:32:04.305 INFO  Searched for ChIJlQMQ1iS6yhQR1nokd_1kGYE - ChIJqZW8Cvb_n0ARBuUkyCzgDDg 
2020-02-04 20:32:04.305 INFO  Searched for ChIJlQMQ1iS6yhQR1nokd_1kGYE - ChIJqZW8Cvb_n0ARBuUkyCzgDDg 
2020-02-04 20:33:07.346 INFO  Searched for ChIJlQMQ1iS6yhQR1nokd_1kGYE - ChIJqZW8Cvb_n0ARBuUkyCzgDDg 
2020-02-04 20:33:07.346 INFO  Searched for ChIJlQMQ1iS6yhQR1nokd_1kGYE - ChIJqZW8Cvb_n0ARBuUkyCzgDDg 
2020-02-04 20:33:23.004 INFO  Searched for ChIJlQMQ1iS6yhQR1nokd_1kGYE - ChIJqZW8Cvb_n0ARBuUkyCzgDDg 
2020-02-04 20:33:23.004 INFO  Searched for ChIJlQMQ1iS6yhQR1nokd_1kGYE - ChIJqZW8Cvb_n0ARBuUkyCzgDDg 
2020-02-04 20:33:29.235 INFO  Searched for ChIJlQMQ1iS6yhQR1nokd_1kGYE - ChIJqZW8Cvb_n0ARBuUkyCzgDDg 
2020-02-04 20:33:29.235 INFO  Searched for ChIJlQMQ1iS6yhQR1nokd_1kGYE - ChIJqZW8Cvb_n0ARBuUkyCzgDDg 
2020-02-04 20:33:42.743 INFO  Searched for ChIJlQMQ1iS6yhQR1nokd_1kGYE - ChIJqZW8Cvb_n0ARBuUkyCzgDDg 
2020-02-04 20:33:42.743 INFO  Searched for ChIJlQMQ1iS6yhQR1nokd_1kGYE - ChIJqZW8Cvb_n0ARBuUkyCzgDDg 
2020-02-04 20:33:47.878 INFO  Searched for ChIJlQMQ1iS6yhQR1nokd_1kGYE - ChIJqZW8Cvb_n0ARBuUkyCzgDDg 
2020-02-04 20:33:47.878 INFO  Searched for ChIJlQMQ1iS6yhQR1nokd_1kGYE - ChIJqZW8Cvb_n0ARBuUkyCzgDDg 
2020-02-04 22:05:00.196 INFO  Searched for ChIJlQMQ1iS6yhQR1nokd_1kGYE - ChIJqZW8Cvb_n0ARBuUkyCzgDDg 
2020-02-04 22:05:00.196 INFO  Searched for ChIJlQMQ1iS6yhQR1nokd_1kGYE - ChIJqZW8Cvb_n0ARBuUkyCzgDDg 
2020-02-04 22:05:06.054 INFO  Searched for ChIJlQMQ1iS6yhQR1nokd_1kGYE - ChIJqZW8Cvb_n0ARBuUkyCzgDDg 
2020-02-04 22:05:06.054 INFO  Searched for ChIJlQMQ1iS6yhQR1nokd_1kGYE - ChIJqZW8Cvb_n0ARBuUkyCzgDDg 
2020-02-04 22:05:21.556 INFO  Searched for ChIJlQMQ1iS6yhQR1nokd_1kGYE - ChIJqZW8Cvb_n0ARBuUkyCzgDDg 
2020-02-04 22:05:21.556 INFO  Searched for ChIJlQMQ1iS6yhQR1nokd_1kGYE - ChIJqZW8Cvb_n0ARBuUkyCzgDDg 
2020-02-04 22:06:14.856 INFO  Searched for ChIJlQMQ1iS6yhQR1nokd_1kGYE - ChIJqZW8Cvb_n0ARBuUkyCzgDDg 
2020-02-04 22:06:14.856 INFO  Searched for ChIJlQMQ1iS6yhQR1nokd_1kGYE - ChIJqZW8Cvb_n0ARBuUkyCzgDDg 
2020-02-04 22:06:18.776 INFO  Searched for ChIJlQMQ1iS6yhQR1nokd_1kGYE - ChIJqZW8Cvb_n0ARBuUkyCzgDDg 
2020-02-04 22:06:18.776 INFO  Searched for ChIJlQMQ1iS6yhQR1nokd_1kGYE - ChIJqZW8Cvb_n0ARBuUkyCzgDDg 
2020-02-04 22:06:30.015 INFO  Searched for ChIJlQMQ1iS6yhQR1nokd_1kGYE - ChIJqZW8Cvb_n0ARBuUkyCzgDDg 
2020-02-04 22:06:30.015 INFO  Searched for ChIJlQMQ1iS6yhQR1nokd_1kGYE - ChIJqZW8Cvb_n0ARBuUkyCzgDDg 
2020-02-04 22:06:55.968 INFO  Searched for ChIJlQMQ1iS6yhQR1nokd_1kGYE - ChIJqZW8Cvb_n0ARBuUkyCzgDDg 
2020-02-04 22:06:55.968 INFO  Searched for ChIJlQMQ1iS6yhQR1nokd_1kGYE - ChIJqZW8Cvb_n0ARBuUkyCzgDDg 
2020-02-04 22:07:27.974 INFO  Searched for ChIJlQMQ1iS6yhQR1nokd_1kGYE - ChIJqZW8Cvb_n0ARBuUkyCzgDDg 
2020-02-04 22:07:27.974 INFO  Searched for ChIJlQMQ1iS6yhQR1nokd_1kGYE - ChIJqZW8Cvb_n0ARBuUkyCzgDDg 
2020-02-04 22:07:38.486 INFO  Searched for ChIJlQMQ1iS6yhQR1nokd_1kGYE - ChIJqZW8Cvb_n0ARBuUkyCzgDDg 
2020-02-04 22:07:38.486 INFO  Searched for ChIJlQMQ1iS6yhQR1nokd_1kGYE - ChIJqZW8Cvb_n0ARBuUkyCzgDDg 
2020-02-04 22:07:44.843 INFO  Searched for ChIJlQMQ1iS6yhQR1nokd_1kGYE - ChIJqZW8Cvb_n0ARBuUkyCzgDDg 
2020-02-04 22:07:44.844 INFO  Searched for ChIJlQMQ1iS6yhQR1nokd_1kGYE - ChIJqZW8Cvb_n0ARBuUkyCzgDDg 
2020-02-04 22:07:56.807 INFO  Searched for ChIJlQMQ1iS6yhQR1nokd_1kGYE - ChIJqZW8Cvb_n0ARBuUkyCzgDDg 
2020-02-04 22:07:56.807 INFO  Searched for ChIJlQMQ1iS6yhQR1nokd_1kGYE - ChIJqZW8Cvb_n0ARBuUkyCzgDDg 
2020-02-04 22:09:19.016 INFO  Searched for ChIJlQMQ1iS6yhQR1nokd_1kGYE - ChIJqZW8Cvb_n0ARBuUkyCzgDDg 
2020-02-04 22:09:19.016 INFO  Searched for ChIJlQMQ1iS6yhQR1nokd_1kGYE - ChIJqZW8Cvb_n0ARBuUkyCzgDDg 
2020-02-04 22:09:48.176 INFO  Searched for ChIJlQMQ1iS6yhQR1nokd_1kGYE - ChIJqZW8Cvb_n0ARBuUkyCzgDDg 
2020-02-04 22:09:48.176 INFO  Searched for ChIJlQMQ1iS6yhQR1nokd_1kGYE - ChIJqZW8Cvb_n0ARBuUkyCzgDDg 
2020-02-04 22:09:53.528 INFO  Searched for ChIJlQMQ1iS6yhQR1nokd_1kGYE - ChIJqZW8Cvb_n0ARBuUkyCzgDDg 
2020-02-04 22:09:53.528 INFO  Searched for ChIJlQMQ1iS6yhQR1nokd_1kGYE - ChIJqZW8Cvb_n0ARBuUkyCzgDDg 
2020-02-04 22:09:58.833 INFO  Searched for ChIJlQMQ1iS6yhQR1nokd_1kGYE - ChIJqZW8Cvb_n0ARBuUkyCzgDDg 
2020-02-04 22:09:58.833 INFO  Searched for ChIJlQMQ1iS6yhQR1nokd_1kGYE - ChIJqZW8Cvb_n0ARBuUkyCzgDDg 
2020-02-04 22:10:06.416 INFO  Searched for ChIJlQMQ1iS6yhQR1nokd_1kGYE - ChIJqZW8Cvb_n0ARBuUkyCzgDDg 
2020-02-04 22:10:06.416 INFO  Searched for ChIJlQMQ1iS6yhQR1nokd_1kGYE - ChIJqZW8Cvb_n0ARBuUkyCzgDDg 
2020-02-04 22:10:10.662 INFO  Searched for ChIJlQMQ1iS6yhQR1nokd_1kGYE - ChIJqZW8Cvb_n0ARBuUkyCzgDDg 
2020-02-04 22:10:10.662 INFO  Searched for ChIJlQMQ1iS6yhQR1nokd_1kGYE - ChIJqZW8Cvb_n0ARBuUkyCzgDDg 
2020-02-04 22:10:14.881 INFO  Searched for ChIJlQMQ1iS6yhQR1nokd_1kGYE - ChIJqZW8Cvb_n0ARBuUkyCzgDDg 
2020-02-04 22:10:14.881 INFO  Searched for ChIJlQMQ1iS6yhQR1nokd_1kGYE - ChIJqZW8Cvb_n0ARBuUkyCzgDDg 
2020-02-04 22:10:18.158 INFO  Searched for ChIJlQMQ1iS6yhQR1nokd_1kGYE - ChIJqZW8Cvb_n0ARBuUkyCzgDDg 
2020-02-04 22:10:18.158 INFO  Searched for ChIJlQMQ1iS6yhQR1nokd_1kGYE - ChIJqZW8Cvb_n0ARBuUkyCzgDDg 
2020-02-04 22:10:22.611 INFO  Searched for ChIJlQMQ1iS6yhQR1nokd_1kGYE - ChIJqZW8Cvb_n0ARBuUkyCzgDDg 
2020-02-04 22:10:22.611 INFO  Searched for ChIJlQMQ1iS6yhQR1nokd_1kGYE - ChIJqZW8Cvb_n0ARBuUkyCzgDDg 
2020-02-04 22:10:35.286 INFO  Searched for ChIJlQMQ1iS6yhQR1nokd_1kGYE - ChIJqZW8Cvb_n0ARBuUkyCzgDDg 
2020-02-04 22:10:35.286 INFO  Searched for ChIJlQMQ1iS6yhQR1nokd_1kGYE - ChIJqZW8Cvb_n0ARBuUkyCzgDDg 
2020-02-04 22:10:49.161 INFO  Searched for ChIJlQMQ1iS6yhQR1nokd_1kGYE - ChIJqZW8Cvb_n0ARBuUkyCzgDDg 
2020-02-04 22:10:49.161 INFO  Searched for ChIJlQMQ1iS6yhQR1nokd_1kGYE - ChIJqZW8Cvb_n0ARBuUkyCzgDDg 
2020-02-04 22:10:53.555 INFO  Searched for ChIJlQMQ1iS6yhQR1nokd_1kGYE - ChIJqZW8Cvb_n0ARBuUkyCzgDDg 
2020-02-04 22:10:53.555 INFO  Searched for ChIJlQMQ1iS6yhQR1nokd_1kGYE - ChIJqZW8Cvb_n0ARBuUkyCzgDDg 
2020-02-04 22:11:03.466 INFO  Searched for ChIJlQMQ1iS6yhQR1nokd_1kGYE - ChIJqZW8Cvb_n0ARBuUkyCzgDDg 
2020-02-04 22:11:03.466 INFO  Searched for ChIJlQMQ1iS6yhQR1nokd_1kGYE - ChIJqZW8Cvb_n0ARBuUkyCzgDDg 
2020-02-04 22:11:11.164 INFO  Searched for ChIJlQMQ1iS6yhQR1nokd_1kGYE - ChIJqZW8Cvb_n0ARBuUkyCzgDDg 
2020-02-04 22:11:11.164 INFO  Searched for ChIJlQMQ1iS6yhQR1nokd_1kGYE - ChIJqZW8Cvb_n0ARBuUkyCzgDDg 
2020-02-04 22:11:16.449 INFO  Searched for ChIJlQMQ1iS6yhQR1nokd_1kGYE - ChIJqZW8Cvb_n0ARBuUkyCzgDDg 
2020-02-04 22:11:16.449 INFO  Searched for ChIJlQMQ1iS6yhQR1nokd_1kGYE - ChIJqZW8Cvb_n0ARBuUkyCzgDDg 
2020-02-04 22:11:20.286 INFO  Searched for ChIJlQMQ1iS6yhQR1nokd_1kGYE - ChIJqZW8Cvb_n0ARBuUkyCzgDDg 
2020-02-04 22:11:20.286 INFO  Searched for ChIJlQMQ1iS6yhQR1nokd_1kGYE - ChIJqZW8Cvb_n0ARBuUkyCzgDDg 
2020-02-04 22:11:37.150 INFO  Searched for ChIJlQMQ1iS6yhQR1nokd_1kGYE - ChIJqZW8Cvb_n0ARBuUkyCzgDDg 
2020-02-04 22:11:37.150 INFO  Searched for ChIJlQMQ1iS6yhQR1nokd_1kGYE - ChIJqZW8Cvb_n0ARBuUkyCzgDDg 
2020-02-04 22:12:17.398 INFO  Searched for ChIJlQMQ1iS6yhQR1nokd_1kGYE - ChIJqZW8Cvb_n0ARBuUkyCzgDDg 
2020-02-04 22:12:17.398 INFO  Searched for ChIJlQMQ1iS6yhQR1nokd_1kGYE - ChIJqZW8Cvb_n0ARBuUkyCzgDDg 
2020-02-04 22:12:20.642 INFO  Searched for ChIJlQMQ1iS6yhQR1nokd_1kGYE - ChIJqZW8Cvb_n0ARBuUkyCzgDDg 
2020-02-04 22:12:20.642 INFO  Searched for ChIJlQMQ1iS6yhQR1nokd_1kGYE - ChIJqZW8Cvb_n0ARBuUkyCzgDDg 
2020-02-04 22:12:24.438 INFO  Searched for ChIJlQMQ1iS6yhQR1nokd_1kGYE - ChIJqZW8Cvb_n0ARBuUkyCzgDDg 
2020-02-04 22:12:24.438 INFO  Searched for ChIJlQMQ1iS6yhQR1nokd_1kGYE - ChIJqZW8Cvb_n0ARBuUkyCzgDDg 
2020-02-04 22:13:17.495 INFO  Searched for ChIJlQMQ1iS6yhQR1nokd_1kGYE - ChIJqZW8Cvb_n0ARBuUkyCzgDDg 
2020-02-04 22:13:17.495 INFO  Searched for ChIJlQMQ1iS6yhQR1nokd_1kGYE - ChIJqZW8Cvb_n0ARBuUkyCzgDDg 
2020-02-04 22:13:32.544 INFO  Searched for ChIJlQMQ1iS6yhQR1nokd_1kGYE - ChIJqZW8Cvb_n0ARBuUkyCzgDDg 
2020-02-04 22:13:32.544 INFO  Searched for ChIJlQMQ1iS6yhQR1nokd_1kGYE - ChIJqZW8Cvb_n0ARBuUkyCzgDDg 
2020-02-04 22:13:49.470 INFO  Searched for ChIJlQMQ1iS6yhQR1nokd_1kGYE - ChIJqZW8Cvb_n0ARBuUkyCzgDDg 
2020-02-04 22:13:49.470 INFO  Searched for ChIJlQMQ1iS6yhQR1nokd_1kGYE - ChIJqZW8Cvb_n0ARBuUkyCzgDDg 
2020-02-04 22:14:05.432 INFO  Searched for ChIJlQMQ1iS6yhQR1nokd_1kGYE - ChIJqZW8Cvb_n0ARBuUkyCzgDDg 
2020-02-04 22:14:05.432 INFO  Searched for ChIJlQMQ1iS6yhQR1nokd_1kGYE - ChIJqZW8Cvb_n0ARBuUkyCzgDDg 
2020-02-04 22:14:16.557 INFO  Searched for ChIJlQMQ1iS6yhQR1nokd_1kGYE - ChIJqZW8Cvb_n0ARBuUkyCzgDDg 
2020-02-04 22:14:16.557 INFO  Searched for ChIJlQMQ1iS6yhQR1nokd_1kGYE - ChIJqZW8Cvb_n0ARBuUkyCzgDDg 
2020-02-04 22:14:40.793 INFO  Searched for ChIJlQMQ1iS6yhQR1nokd_1kGYE - ChIJqZW8Cvb_n0ARBuUkyCzgDDg 
2020-02-04 22:14:40.793 INFO  Searched for ChIJlQMQ1iS6yhQR1nokd_1kGYE - ChIJqZW8Cvb_n0ARBuUkyCzgDDg 
2020-02-04 22:14:52.495 INFO  Searched for ChIJlQMQ1iS6yhQR1nokd_1kGYE - ChIJqZW8Cvb_n0ARBuUkyCzgDDg 
2020-02-04 22:14:52.495 INFO  Searched for ChIJlQMQ1iS6yhQR1nokd_1kGYE - ChIJqZW8Cvb_n0ARBuUkyCzgDDg 
2020-02-04 22:15:05.774 INFO  Searched for ChIJlQMQ1iS6yhQR1nokd_1kGYE - ChIJqZW8Cvb_n0ARBuUkyCzgDDg 
2020-02-04 22:15:05.774 INFO  Searched for ChIJlQMQ1iS6yhQR1nokd_1kGYE - ChIJqZW8Cvb_n0ARBuUkyCzgDDg 
2020-02-04 22:15:11.313 INFO  Searched for ChIJlQMQ1iS6yhQR1nokd_1kGYE - ChIJqZW8Cvb_n0ARBuUkyCzgDDg 
2020-02-04 22:15:11.313 INFO  Searched for ChIJlQMQ1iS6yhQR1nokd_1kGYE - ChIJqZW8Cvb_n0ARBuUkyCzgDDg 
2020-02-04 22:15:18.408 INFO  Searched for ChIJlQMQ1iS6yhQR1nokd_1kGYE - ChIJqZW8Cvb_n0ARBuUkyCzgDDg 
2020-02-04 22:15:18.408 INFO  Searched for ChIJlQMQ1iS6yhQR1nokd_1kGYE - ChIJqZW8Cvb_n0ARBuUkyCzgDDg 
2020-02-04 22:15:24.925 INFO  Searched for ChIJlQMQ1iS6yhQR1nokd_1kGYE - ChIJqZW8Cvb_n0ARBuUkyCzgDDg 
2020-02-04 22:15:24.925 INFO  Searched for ChIJlQMQ1iS6yhQR1nokd_1kGYE - ChIJqZW8Cvb_n0ARBuUkyCzgDDg 
2020-02-04 22:15:39.958 INFO  Searched for ChIJlQMQ1iS6yhQR1nokd_1kGYE - ChIJqZW8Cvb_n0ARBuUkyCzgDDg 
2020-02-04 22:15:39.958 INFO  Searched for ChIJlQMQ1iS6yhQR1nokd_1kGYE - ChIJqZW8Cvb_n0ARBuUkyCzgDDg 
2020-02-04 22:16:59.352 INFO  Searched for ChIJlQMQ1iS6yhQR1nokd_1kGYE - ChIJqZW8Cvb_n0ARBuUkyCzgDDg 
2020-02-04 22:16:59.352 INFO  Searched for ChIJlQMQ1iS6yhQR1nokd_1kGYE - ChIJqZW8Cvb_n0ARBuUkyCzgDDg 
2020-02-04 22:17:13.119 INFO  Searched for ChIJlQMQ1iS6yhQR1nokd_1kGYE - ChIJqZW8Cvb_n0ARBuUkyCzgDDg 
2020-02-04 22:17:13.119 INFO  Searched for ChIJlQMQ1iS6yhQR1nokd_1kGYE - ChIJqZW8Cvb_n0ARBuUkyCzgDDg 
2020-02-04 22:17:27.929 INFO  Searched for ChIJlQMQ1iS6yhQR1nokd_1kGYE - ChIJqZW8Cvb_n0ARBuUkyCzgDDg 
2020-02-04 22:17:27.929 INFO  Searched for ChIJlQMQ1iS6yhQR1nokd_1kGYE - ChIJqZW8Cvb_n0ARBuUkyCzgDDg 
2020-02-04 22:17:37.788 INFO  Searched for ChIJlQMQ1iS6yhQR1nokd_1kGYE - ChIJqZW8Cvb_n0ARBuUkyCzgDDg 
2020-02-04 22:17:37.788 INFO  Searched for ChIJlQMQ1iS6yhQR1nokd_1kGYE - ChIJqZW8Cvb_n0ARBuUkyCzgDDg 
2020-02-04 22:17:50.215 INFO  Searched for ChIJlQMQ1iS6yhQR1nokd_1kGYE - ChIJqZW8Cvb_n0ARBuUkyCzgDDg 
2020-02-04 22:17:50.215 INFO  Searched for ChIJlQMQ1iS6yhQR1nokd_1kGYE - ChIJqZW8Cvb_n0ARBuUkyCzgDDg 
2020-02-04 22:19:26.051 INFO  Searched for ChIJlQMQ1iS6yhQR1nokd_1kGYE - ChIJqZW8Cvb_n0ARBuUkyCzgDDg 
2020-02-04 22:19:26.051 INFO  Searched for ChIJlQMQ1iS6yhQR1nokd_1kGYE - ChIJqZW8Cvb_n0ARBuUkyCzgDDg 
2020-02-04 22:20:02.285 INFO  Searched for ChIJlQMQ1iS6yhQR1nokd_1kGYE - ChIJqZW8Cvb_n0ARBuUkyCzgDDg 
2020-02-04 22:20:02.285 INFO  Searched for ChIJlQMQ1iS6yhQR1nokd_1kGYE - ChIJqZW8Cvb_n0ARBuUkyCzgDDg 
2020-02-04 22:20:09.145 INFO  Searched for ChIJlQMQ1iS6yhQR1nokd_1kGYE - ChIJqZW8Cvb_n0ARBuUkyCzgDDg 
2020-02-04 22:20:09.145 INFO  Searched for ChIJlQMQ1iS6yhQR1nokd_1kGYE - ChIJqZW8Cvb_n0ARBuUkyCzgDDg 
2020-02-04 22:21:12.098 INFO  Searched for ChIJlQMQ1iS6yhQR1nokd_1kGYE - ChIJqZW8Cvb_n0ARBuUkyCzgDDg 
2020-02-04 22:21:12.098 INFO  Searched for ChIJlQMQ1iS6yhQR1nokd_1kGYE - ChIJqZW8Cvb_n0ARBuUkyCzgDDg 
2020-02-04 22:21:46.062 INFO  Searched for ChIJlQMQ1iS6yhQR1nokd_1kGYE - ChIJqZW8Cvb_n0ARBuUkyCzgDDg 
2020-02-04 22:21:46.062 INFO  Searched for ChIJlQMQ1iS6yhQR1nokd_1kGYE - ChIJqZW8Cvb_n0ARBuUkyCzgDDg 
2020-02-04 22:22:13.665 INFO  Searched for ChIJlQMQ1iS6yhQR1nokd_1kGYE - ChIJqZW8Cvb_n0ARBuUkyCzgDDg 
2020-02-04 22:22:13.665 INFO  Searched for ChIJlQMQ1iS6yhQR1nokd_1kGYE - ChIJqZW8Cvb_n0ARBuUkyCzgDDg 
2020-02-04 22:22:36.791 INFO  Searched for ChIJlQMQ1iS6yhQR1nokd_1kGYE - ChIJqZW8Cvb_n0ARBuUkyCzgDDg 
2020-02-04 22:22:36.791 INFO  Searched for ChIJlQMQ1iS6yhQR1nokd_1kGYE - ChIJqZW8Cvb_n0ARBuUkyCzgDDg 
2020-02-04 22:35:27.416 INFO  Searched for ChIJlQMQ1iS6yhQR1nokd_1kGYE - ChIJqZW8Cvb_n0ARBuUkyCzgDDg 
2020-02-04 22:35:27.416 INFO  Searched for ChIJlQMQ1iS6yhQR1nokd_1kGYE - ChIJqZW8Cvb_n0ARBuUkyCzgDDg 
2020-02-04 22:35:48.609 INFO  Searched for ChIJlQMQ1iS6yhQR1nokd_1kGYE - ChIJqZW8Cvb_n0ARBuUkyCzgDDg 
2020-02-04 22:35:48.609 INFO  Searched for ChIJlQMQ1iS6yhQR1nokd_1kGYE - ChIJqZW8Cvb_n0ARBuUkyCzgDDg 
2020-02-04 22:36:12.367 INFO  Searched for ChIJlQMQ1iS6yhQR1nokd_1kGYE - ChIJqZW8Cvb_n0ARBuUkyCzgDDg 
2020-02-04 22:36:12.367 INFO  Searched for ChIJlQMQ1iS6yhQR1nokd_1kGYE - ChIJqZW8Cvb_n0ARBuUkyCzgDDg 
2020-02-04 22:37:00.346 INFO  Searched for ChIJlQMQ1iS6yhQR1nokd_1kGYE - ChIJqZW8Cvb_n0ARBuUkyCzgDDg 
2020-02-04 22:37:00.346 INFO  Searched for ChIJlQMQ1iS6yhQR1nokd_1kGYE - ChIJqZW8Cvb_n0ARBuUkyCzgDDg 
2020-02-04 22:37:05.143 INFO  Searched for ChIJlQMQ1iS6yhQR1nokd_1kGYE - ChIJqZW8Cvb_n0ARBuUkyCzgDDg 
2020-02-04 22:37:05.143 INFO  Searched for ChIJlQMQ1iS6yhQR1nokd_1kGYE - ChIJqZW8Cvb_n0ARBuUkyCzgDDg 
2020-02-04 22:37:37.814 INFO  Searched for ChIJlQMQ1iS6yhQR1nokd_1kGYE - ChIJqZW8Cvb_n0ARBuUkyCzgDDg 
2020-02-04 22:37:37.814 INFO  Searched for ChIJlQMQ1iS6yhQR1nokd_1kGYE - ChIJqZW8Cvb_n0ARBuUkyCzgDDg 
2020-02-04 22:38:00.889 INFO  Searched for ChIJlQMQ1iS6yhQR1nokd_1kGYE - ChIJqZW8Cvb_n0ARBuUkyCzgDDg 
2020-02-04 22:38:00.889 INFO  Searched for ChIJlQMQ1iS6yhQR1nokd_1kGYE - ChIJqZW8Cvb_n0ARBuUkyCzgDDg 
2020-02-04 22:38:31.673 INFO  Searched for ChIJlQMQ1iS6yhQR1nokd_1kGYE - ChIJqZW8Cvb_n0ARBuUkyCzgDDg 
2020-02-04 22:38:31.673 INFO  Searched for ChIJlQMQ1iS6yhQR1nokd_1kGYE - ChIJqZW8Cvb_n0ARBuUkyCzgDDg 
2020-02-04 22:38:34.995 INFO  Searched for ChIJlQMQ1iS6yhQR1nokd_1kGYE - ChIJqZW8Cvb_n0ARBuUkyCzgDDg 
2020-02-04 22:38:34.995 INFO  Searched for ChIJlQMQ1iS6yhQR1nokd_1kGYE - ChIJqZW8Cvb_n0ARBuUkyCzgDDg 
2020-02-04 22:38:38.676 INFO  Searched for ChIJlQMQ1iS6yhQR1nokd_1kGYE - ChIJqZW8Cvb_n0ARBuUkyCzgDDg 
2020-02-04 22:38:38.676 INFO  Searched for ChIJlQMQ1iS6yhQR1nokd_1kGYE - ChIJqZW8Cvb_n0ARBuUkyCzgDDg 
2020-02-04 22:38:43.884 INFO  Searched for ChIJlQMQ1iS6yhQR1nokd_1kGYE - ChIJqZW8Cvb_n0ARBuUkyCzgDDg 
2020-02-04 22:38:43.884 INFO  Searched for ChIJlQMQ1iS6yhQR1nokd_1kGYE - ChIJqZW8Cvb_n0ARBuUkyCzgDDg 
2020-02-04 22:39:54.533 INFO  Searched for ChIJlQMQ1iS6yhQR1nokd_1kGYE - ChIJqZW8Cvb_n0ARBuUkyCzgDDg 
2020-02-04 22:39:54.533 INFO  Searched for ChIJlQMQ1iS6yhQR1nokd_1kGYE - ChIJqZW8Cvb_n0ARBuUkyCzgDDg 
2020-02-04 22:40:56.150 INFO  Searched for ChIJlQMQ1iS6yhQR1nokd_1kGYE - ChIJqZW8Cvb_n0ARBuUkyCzgDDg 
2020-02-04 22:40:56.150 INFO  Searched for ChIJlQMQ1iS6yhQR1nokd_1kGYE - ChIJqZW8Cvb_n0ARBuUkyCzgDDg 
2020-02-04 22:53:33.945 INFO  Searched for ChIJlQMQ1iS6yhQR1nokd_1kGYE - ChIJqZW8Cvb_n0ARBuUkyCzgDDg 
2020-02-04 22:53:33.945 INFO  Searched for ChIJlQMQ1iS6yhQR1nokd_1kGYE - ChIJqZW8Cvb_n0ARBuUkyCzgDDg 
2020-02-04 22:53:51.103 INFO  Searched for ChIJlQMQ1iS6yhQR1nokd_1kGYE - ChIJqZW8Cvb_n0ARBuUkyCzgDDg 
2020-02-04 22:53:51.103 INFO  Searched for ChIJlQMQ1iS6yhQR1nokd_1kGYE - ChIJqZW8Cvb_n0ARBuUkyCzgDDg 
2020-02-04 22:54:04.206 INFO  Searched for ChIJlQMQ1iS6yhQR1nokd_1kGYE - ChIJqZW8Cvb_n0ARBuUkyCzgDDg 
2020-02-04 22:54:04.206 INFO  Searched for ChIJlQMQ1iS6yhQR1nokd_1kGYE - ChIJqZW8Cvb_n0ARBuUkyCzgDDg 
2020-02-04 22:54:29.029 INFO  Searched for ChIJlQMQ1iS6yhQR1nokd_1kGYE - ChIJqZW8Cvb_n0ARBuUkyCzgDDg 
2020-02-04 22:54:29.029 INFO  Searched for ChIJlQMQ1iS6yhQR1nokd_1kGYE - ChIJqZW8Cvb_n0ARBuUkyCzgDDg 
2020-02-04 22:55:19.434 INFO  Searched for ChIJlQMQ1iS6yhQR1nokd_1kGYE - ChIJqZW8Cvb_n0ARBuUkyCzgDDg 
2020-02-04 22:55:19.434 INFO  Searched for ChIJlQMQ1iS6yhQR1nokd_1kGYE - ChIJqZW8Cvb_n0ARBuUkyCzgDDg 
2020-02-04 22:55:51.886 INFO  Searched for ChIJlQMQ1iS6yhQR1nokd_1kGYE - ChIJqZW8Cvb_n0ARBuUkyCzgDDg 
2020-02-04 22:55:51.886 INFO  Searched for ChIJlQMQ1iS6yhQR1nokd_1kGYE - ChIJqZW8Cvb_n0ARBuUkyCzgDDg 
2020-02-04 22:56:16.770 INFO  Searched for ChIJlQMQ1iS6yhQR1nokd_1kGYE - ChIJqZW8Cvb_n0ARBuUkyCzgDDg 
2020-02-04 22:56:16.770 INFO  Searched for ChIJlQMQ1iS6yhQR1nokd_1kGYE - ChIJqZW8Cvb_n0ARBuUkyCzgDDg 
2020-02-04 22:57:30.074 INFO  Searched for ChIJlQMQ1iS6yhQR1nokd_1kGYE - ChIJqZW8Cvb_n0ARBuUkyCzgDDg 
2020-02-04 22:57:30.074 INFO  Searched for ChIJlQMQ1iS6yhQR1nokd_1kGYE - ChIJqZW8Cvb_n0ARBuUkyCzgDDg 
2020-02-04 22:57:55.981 INFO  Searched for ChIJlQMQ1iS6yhQR1nokd_1kGYE - ChIJqZW8Cvb_n0ARBuUkyCzgDDg 
2020-02-04 22:57:55.981 INFO  Searched for ChIJlQMQ1iS6yhQR1nokd_1kGYE - ChIJqZW8Cvb_n0ARBuUkyCzgDDg 
2020-02-04 22:58:03.262 INFO  Searched for ChIJlQMQ1iS6yhQR1nokd_1kGYE - ChIJqZW8Cvb_n0ARBuUkyCzgDDg 
2020-02-04 22:58:03.262 INFO  Searched for ChIJlQMQ1iS6yhQR1nokd_1kGYE - ChIJqZW8Cvb_n0ARBuUkyCzgDDg 
2020-02-04 22:58:52.375 INFO  Searched for ChIJlQMQ1iS6yhQR1nokd_1kGYE - ChIJqZW8Cvb_n0ARBuUkyCzgDDg 
2020-02-04 22:58:52.375 INFO  Searched for ChIJlQMQ1iS6yhQR1nokd_1kGYE - ChIJqZW8Cvb_n0ARBuUkyCzgDDg 
2020-02-04 22:59:44.922 INFO  Searched for ChIJlQMQ1iS6yhQR1nokd_1kGYE - ChIJqZW8Cvb_n0ARBuUkyCzgDDg 
2020-02-04 22:59:44.922 INFO  Searched for ChIJlQMQ1iS6yhQR1nokd_1kGYE - ChIJqZW8Cvb_n0ARBuUkyCzgDDg 
2020-02-04 23:07:36.564 INFO  Searched for ChIJlQMQ1iS6yhQR1nokd_1kGYE - ChIJqZW8Cvb_n0ARBuUkyCzgDDg 
2020-02-04 23:07:36.564 INFO  Searched for ChIJlQMQ1iS6yhQR1nokd_1kGYE - ChIJqZW8Cvb_n0ARBuUkyCzgDDg 
2020-02-05 00:12:19.555 INFO  Searched for ChIJlQMQ1iS6yhQR1nokd_1kGYE - ChIJqZW8Cvb_n0ARBuUkyCzgDDg 
2020-02-05 00:12:19.555 INFO  Searched for ChIJlQMQ1iS6yhQR1nokd_1kGYE - ChIJqZW8Cvb_n0ARBuUkyCzgDDg 
2020-02-05 13:26:27.594 INFO  Searched for null - null 
2020-02-05 13:26:27.594 INFO  Searched for null - null 
2020-02-05 13:26:42.507 INFO  Searched for null - null 
2020-02-05 13:26:42.507 INFO  Searched for null - null 
2020-02-05 13:35:57.901 INFO  Searched for ChIJV4uxDRrKyhQRtRZspR4L6E0 - ChIJqZW8Cvb_n0ARBuUkyCzgDDg 
2020-02-05 13:35:57.901 INFO  Searched for ChIJV4uxDRrKyhQRtRZspR4L6E0 - ChIJqZW8Cvb_n0ARBuUkyCzgDDg 
2020-02-05 13:35:57.906 INFO  ER_NO_SUCH_TABLE: Table 'dama_taxi_db.packages' doesn't exist 
2020-02-05 13:51:42.063 INFO  Searched for ChIJmeP65Ym5yhQR4CKL7X6E8DQ - ChIJqZW8Cvb_n0ARBuUkyCzgDDg 
2020-02-05 13:51:42.063 INFO  Searched for ChIJmeP65Ym5yhQR4CKL7X6E8DQ - ChIJqZW8Cvb_n0ARBuUkyCzgDDg 
2020-02-05 13:53:05.527 INFO  Searched for ChIJmeP65Ym5yhQR4CKL7X6E8DQ - ChIJqZW8Cvb_n0ARBuUkyCzgDDg 
2020-02-05 13:53:05.527 INFO  Searched for ChIJmeP65Ym5yhQR4CKL7X6E8DQ - ChIJqZW8Cvb_n0ARBuUkyCzgDDg 
2020-02-05 14:02:46.611 INFO  Searched for ChIJmeP65Ym5yhQR4CKL7X6E8DQ - ChIJqZW8Cvb_n0ARBuUkyCzgDDg 
2020-02-05 14:02:46.611 INFO  Searched for ChIJmeP65Ym5yhQR4CKL7X6E8DQ - ChIJqZW8Cvb_n0ARBuUkyCzgDDg 
2020-02-05 16:26:22.270 INFO  Searched for ChIJmeP65Ym5yhQR4CKL7X6E8DQ - ChIJqZW8Cvb_n0ARBuUkyCzgDDg 
2020-02-05 16:26:22.270 INFO  Searched for ChIJmeP65Ym5yhQR4CKL7X6E8DQ - ChIJqZW8Cvb_n0ARBuUkyCzgDDg 
2020-02-05 20:06:05.539 INFO  Searched for ChIJQ-Gdg4W6yhQRvt8pD64xUrU - ChIJyZzOlBSvyhQRdaRqFjmoJiY 
2020-02-05 20:06:05.540 INFO  Searched for ChIJQ-Gdg4W6yhQRvt8pD64xUrU - ChIJyZzOlBSvyhQRdaRqFjmoJiY 
2020-02-07 14:27:01.084 INFO  Searched for undefined - undefined 
2020-02-07 14:27:01.084 INFO  Searched for undefined - undefined 
2020-02-07 15:59:23.899 INFO  Searched for undefined - undefined 
2020-02-07 15:59:23.899 INFO  Searched for undefined - undefined 
2020-02-07 18:50:43.302 INFO  Searched for undefined - undefined 
2020-02-07 18:50:43.302 INFO  Searched for undefined - undefined 
2020-02-07 18:51:03.696 INFO  Searched for undefined - undefined 
2020-02-07 18:51:03.696 INFO  Searched for undefined - undefined 
2020-02-07 18:51:06.402 INFO  Searched for undefined - undefined 
2020-02-07 18:51:06.402 INFO  Searched for undefined - undefined 
2020-02-07 18:51:18.052 INFO  Searched for undefined - undefined 
2020-02-07 18:51:18.052 INFO  Searched for undefined - undefined 
2020-02-07 18:51:51.245 INFO  Searched for ChIJr6W3-yenyhQR2qRv2p794TY - ChIJqZW8Cvb_n0ARBuUkyCzgDDg 
2020-02-07 18:51:51.245 INFO  Searched for ChIJr6W3-yenyhQR2qRv2p794TY - ChIJqZW8Cvb_n0ARBuUkyCzgDDg 
2020-02-07 20:00:25.138 INFO  Searched for ChIJr6W3-yenyhQR2qRv2p794TY - ChIJr6W3-yenyhQR2qRv2p794TY 
2020-02-07 20:00:25.138 INFO  Searched for ChIJr6W3-yenyhQR2qRv2p794TY - ChIJr6W3-yenyhQR2qRv2p794TY 
2020-02-07 20:01:19.153 INFO  Searched for ChIJr6W3-yenyhQR2qRv2p794TY - ChIJr6W3-yenyhQR2qRv2p794TY 
2020-02-07 20:01:19.153 INFO  Searched for ChIJr6W3-yenyhQR2qRv2p794TY - ChIJr6W3-yenyhQR2qRv2p794TY 
2020-02-07 20:01:55.782 INFO  Searched for ChIJr6W3-yenyhQR2qRv2p794TY - ChIJr6W3-yenyhQR2qRv2p794TY 
2020-02-07 20:01:55.782 INFO  Searched for ChIJr6W3-yenyhQR2qRv2p794TY - ChIJr6W3-yenyhQR2qRv2p794TY 
2020-02-07 20:02:07.202 INFO  Searched for ChIJr6W3-yenyhQR2qRv2p794TY - ChIJr6W3-yenyhQR2qRv2p794TY 
2020-02-07 20:02:07.202 INFO  Searched for ChIJr6W3-yenyhQR2qRv2p794TY - ChIJr6W3-yenyhQR2qRv2p794TY 
2020-02-07 20:02:24.996 INFO  Searched for ChIJr6W3-yenyhQR2qRv2p794TY - ChIJr6W3-yenyhQR2qRv2p794TY 
2020-02-07 20:02:24.996 INFO  Searched for ChIJr6W3-yenyhQR2qRv2p794TY - ChIJr6W3-yenyhQR2qRv2p794TY 
2020-02-07 20:02:54.339 INFO  Searched for ChIJr6W3-yenyhQR2qRv2p794TY - ChIJr6W3-yenyhQR2qRv2p794TY 
2020-02-07 20:02:54.339 INFO  Searched for ChIJr6W3-yenyhQR2qRv2p794TY - ChIJr6W3-yenyhQR2qRv2p794TY 
2020-02-07 20:06:46.544 INFO  Searched for ChIJr6W3-yenyhQR2qRv2p794TY - ChIJr6W3-yenyhQR2qRv2p794TY 
2020-02-07 20:06:46.545 INFO  Searched for ChIJr6W3-yenyhQR2qRv2p794TY - ChIJr6W3-yenyhQR2qRv2p794TY 
2020-02-07 20:13:45.114 INFO  Searched for ChIJr6W3-yenyhQR2qRv2p794TY - ChIJr6W3-yenyhQR2qRv2p794TY 
2020-02-07 20:13:45.114 INFO  Searched for ChIJr6W3-yenyhQR2qRv2p794TY - ChIJr6W3-yenyhQR2qRv2p794TY 
2020-02-07 20:14:30.668 INFO  Searched for ChIJr6W3-yenyhQR2qRv2p794TY - ChIJr6W3-yenyhQR2qRv2p794TY 
2020-02-07 20:14:30.668 INFO  Searched for ChIJr6W3-yenyhQR2qRv2p794TY - ChIJr6W3-yenyhQR2qRv2p794TY 
2020-02-07 20:15:20.370 INFO  Searched for ChIJr6W3-yenyhQR2qRv2p794TY - ChIJr6W3-yenyhQR2qRv2p794TY 
2020-02-07 20:15:20.370 INFO  Searched for ChIJr6W3-yenyhQR2qRv2p794TY - ChIJr6W3-yenyhQR2qRv2p794TY 
2020-02-07 20:16:02.158 INFO  Searched for ChIJr6W3-yenyhQR2qRv2p794TY - ChIJr6W3-yenyhQR2qRv2p794TY 
2020-02-07 20:16:02.158 INFO  Searched for ChIJr6W3-yenyhQR2qRv2p794TY - ChIJr6W3-yenyhQR2qRv2p794TY 
2020-02-07 20:16:12.503 INFO  Searched for ChIJr6W3-yenyhQR2qRv2p794TY - ChIJr6W3-yenyhQR2qRv2p794TY 
2020-02-07 20:16:12.503 INFO  Searched for ChIJr6W3-yenyhQR2qRv2p794TY - ChIJr6W3-yenyhQR2qRv2p794TY 
2020-02-07 20:16:19.818 INFO  Searched for ChIJr6W3-yenyhQR2qRv2p794TY - ChIJr6W3-yenyhQR2qRv2p794TY 
2020-02-07 20:16:19.818 INFO  Searched for ChIJr6W3-yenyhQR2qRv2p794TY - ChIJr6W3-yenyhQR2qRv2p794TY 
2020-02-07 20:18:03.037 INFO  Searched for ChIJr6W3-yenyhQR2qRv2p794TY - ChIJr6W3-yenyhQR2qRv2p794TY 
2020-02-07 20:18:03.037 INFO  Searched for ChIJr6W3-yenyhQR2qRv2p794TY - ChIJr6W3-yenyhQR2qRv2p794TY 
2020-02-07 20:18:55.676 INFO  Searched for ChIJr6W3-yenyhQR2qRv2p794TY - ChIJr6W3-yenyhQR2qRv2p794TY 
2020-02-07 20:18:55.676 INFO  Searched for ChIJr6W3-yenyhQR2qRv2p794TY - ChIJr6W3-yenyhQR2qRv2p794TY 
2020-02-07 20:20:13.492 INFO  Searched for ChIJr6W3-yenyhQR2qRv2p794TY - ChIJr6W3-yenyhQR2qRv2p794TY 
2020-02-07 20:20:13.492 INFO  Searched for ChIJr6W3-yenyhQR2qRv2p794TY - ChIJr6W3-yenyhQR2qRv2p794TY 
2020-02-07 20:20:19.309 INFO  Searched for ChIJr6W3-yenyhQR2qRv2p794TY - ChIJr6W3-yenyhQR2qRv2p794TY 
2020-02-07 20:20:19.309 INFO  Searched for ChIJr6W3-yenyhQR2qRv2p794TY - ChIJr6W3-yenyhQR2qRv2p794TY 
2020-02-07 20:20:24.086 INFO  Searched for ChIJr6W3-yenyhQR2qRv2p794TY - ChIJr6W3-yenyhQR2qRv2p794TY 
2020-02-07 20:20:24.086 INFO  Searched for ChIJr6W3-yenyhQR2qRv2p794TY - ChIJr6W3-yenyhQR2qRv2p794TY 
2020-02-07 20:20:27.631 INFO  Searched for ChIJr6W3-yenyhQR2qRv2p794TY - ChIJr6W3-yenyhQR2qRv2p794TY 
2020-02-07 20:20:27.631 INFO  Searched for ChIJr6W3-yenyhQR2qRv2p794TY - ChIJr6W3-yenyhQR2qRv2p794TY 
2020-02-07 20:20:33.655 INFO  Searched for ChIJr6W3-yenyhQR2qRv2p794TY - ChIJr6W3-yenyhQR2qRv2p794TY 
2020-02-07 20:20:33.655 INFO  Searched for ChIJr6W3-yenyhQR2qRv2p794TY - ChIJr6W3-yenyhQR2qRv2p794TY 
2020-02-07 20:20:40.924 INFO  Searched for ChIJr6W3-yenyhQR2qRv2p794TY - ChIJr6W3-yenyhQR2qRv2p794TY 
2020-02-07 20:20:40.924 INFO  Searched for ChIJr6W3-yenyhQR2qRv2p794TY - ChIJr6W3-yenyhQR2qRv2p794TY 
2020-02-07 20:20:45.054 INFO  Searched for ChIJr6W3-yenyhQR2qRv2p794TY - ChIJr6W3-yenyhQR2qRv2p794TY 
2020-02-07 20:20:45.054 INFO  Searched for ChIJr6W3-yenyhQR2qRv2p794TY - ChIJr6W3-yenyhQR2qRv2p794TY 
2020-02-07 20:20:52.947 INFO  Searched for ChIJr6W3-yenyhQR2qRv2p794TY - ChIJr6W3-yenyhQR2qRv2p794TY 
2020-02-07 20:20:52.947 INFO  Searched for ChIJr6W3-yenyhQR2qRv2p794TY - ChIJr6W3-yenyhQR2qRv2p794TY 
2020-02-07 20:21:07.017 INFO  Searched for ChIJr6W3-yenyhQR2qRv2p794TY - ChIJr6W3-yenyhQR2qRv2p794TY 
2020-02-07 20:21:07.017 INFO  Searched for ChIJr6W3-yenyhQR2qRv2p794TY - ChIJr6W3-yenyhQR2qRv2p794TY 
2020-02-07 20:21:10.927 INFO  Searched for ChIJr6W3-yenyhQR2qRv2p794TY - ChIJr6W3-yenyhQR2qRv2p794TY 
2020-02-07 20:21:10.927 INFO  Searched for ChIJr6W3-yenyhQR2qRv2p794TY - ChIJr6W3-yenyhQR2qRv2p794TY 
2020-02-07 20:21:29.813 INFO  Searched for ChIJr6W3-yenyhQR2qRv2p794TY - ChIJr6W3-yenyhQR2qRv2p794TY 
2020-02-07 20:21:29.813 INFO  Searched for ChIJr6W3-yenyhQR2qRv2p794TY - ChIJr6W3-yenyhQR2qRv2p794TY 
2020-02-07 20:21:34.203 INFO  Searched for ChIJr6W3-yenyhQR2qRv2p794TY - ChIJr6W3-yenyhQR2qRv2p794TY 
2020-02-07 20:21:34.203 INFO  Searched for ChIJr6W3-yenyhQR2qRv2p794TY - ChIJr6W3-yenyhQR2qRv2p794TY 
2020-02-07 20:21:59.953 INFO  Searched for ChIJr6W3-yenyhQR2qRv2p794TY - ChIJr6W3-yenyhQR2qRv2p794TY 
2020-02-07 20:21:59.953 INFO  Searched for ChIJr6W3-yenyhQR2qRv2p794TY - ChIJr6W3-yenyhQR2qRv2p794TY 
2020-02-07 20:22:12.382 INFO  Searched for ChIJr6W3-yenyhQR2qRv2p794TY - ChIJr6W3-yenyhQR2qRv2p794TY 
2020-02-07 20:22:12.382 INFO  Searched for ChIJr6W3-yenyhQR2qRv2p794TY - ChIJr6W3-yenyhQR2qRv2p794TY 
2020-02-07 20:22:16.333 INFO  Searched for ChIJr6W3-yenyhQR2qRv2p794TY - ChIJr6W3-yenyhQR2qRv2p794TY 
2020-02-07 20:22:16.333 INFO  Searched for ChIJr6W3-yenyhQR2qRv2p794TY - ChIJr6W3-yenyhQR2qRv2p794TY 
2020-02-07 20:22:19.386 INFO  Searched for ChIJr6W3-yenyhQR2qRv2p794TY - ChIJr6W3-yenyhQR2qRv2p794TY 
2020-02-07 20:22:19.386 INFO  Searched for ChIJr6W3-yenyhQR2qRv2p794TY - ChIJr6W3-yenyhQR2qRv2p794TY 
2020-02-07 20:23:17.766 INFO  Searched for ChIJr6W3-yenyhQR2qRv2p794TY - ChIJr6W3-yenyhQR2qRv2p794TY 
2020-02-07 20:23:17.766 INFO  Searched for ChIJr6W3-yenyhQR2qRv2p794TY - ChIJr6W3-yenyhQR2qRv2p794TY 
2020-02-07 20:23:23.673 INFO  Searched for ChIJr6W3-yenyhQR2qRv2p794TY - ChIJr6W3-yenyhQR2qRv2p794TY 
2020-02-07 20:23:23.674 INFO  Searched for ChIJr6W3-yenyhQR2qRv2p794TY - ChIJr6W3-yenyhQR2qRv2p794TY 
2020-02-07 20:24:24.563 INFO  Searched for ChIJr6W3-yenyhQR2qRv2p794TY - ChIJr6W3-yenyhQR2qRv2p794TY 
2020-02-07 20:24:24.563 INFO  Searched for ChIJr6W3-yenyhQR2qRv2p794TY - ChIJr6W3-yenyhQR2qRv2p794TY 
2020-02-07 20:24:43.327 INFO  Searched for ChIJr6W3-yenyhQR2qRv2p794TY - ChIJr6W3-yenyhQR2qRv2p794TY 
2020-02-07 20:24:43.327 INFO  Searched for ChIJr6W3-yenyhQR2qRv2p794TY - ChIJr6W3-yenyhQR2qRv2p794TY 
2020-02-07 20:24:53.573 INFO  Searched for ChIJr6W3-yenyhQR2qRv2p794TY - ChIJr6W3-yenyhQR2qRv2p794TY 
2020-02-07 20:24:53.573 INFO  Searched for ChIJr6W3-yenyhQR2qRv2p794TY - ChIJr6W3-yenyhQR2qRv2p794TY 
2020-02-07 20:25:07.366 INFO  Searched for ChIJr6W3-yenyhQR2qRv2p794TY - ChIJr6W3-yenyhQR2qRv2p794TY 
2020-02-07 20:25:07.366 INFO  Searched for ChIJr6W3-yenyhQR2qRv2p794TY - ChIJr6W3-yenyhQR2qRv2p794TY 
2020-02-07 20:25:16.696 INFO  Searched for ChIJr6W3-yenyhQR2qRv2p794TY - ChIJr6W3-yenyhQR2qRv2p794TY 
2020-02-07 20:25:16.696 INFO  Searched for ChIJr6W3-yenyhQR2qRv2p794TY - ChIJr6W3-yenyhQR2qRv2p794TY 
2020-02-07 20:26:41.517 INFO  Searched for ChIJr6W3-yenyhQR2qRv2p794TY - ChIJr6W3-yenyhQR2qRv2p794TY 
2020-02-07 20:26:41.517 INFO  Searched for ChIJr6W3-yenyhQR2qRv2p794TY - ChIJr6W3-yenyhQR2qRv2p794TY 
2020-02-07 20:27:11.185 INFO  Searched for ChIJr6W3-yenyhQR2qRv2p794TY - ChIJr6W3-yenyhQR2qRv2p794TY 
2020-02-07 20:27:11.185 INFO  Searched for ChIJr6W3-yenyhQR2qRv2p794TY - ChIJr6W3-yenyhQR2qRv2p794TY 
2020-02-07 20:27:25.811 INFO  Searched for ChIJr6W3-yenyhQR2qRv2p794TY - ChIJr6W3-yenyhQR2qRv2p794TY 
2020-02-07 20:27:25.811 INFO  Searched for ChIJr6W3-yenyhQR2qRv2p794TY - ChIJr6W3-yenyhQR2qRv2p794TY 
2020-02-07 20:27:49.121 INFO  Searched for ChIJr6W3-yenyhQR2qRv2p794TY - ChIJr6W3-yenyhQR2qRv2p794TY 
2020-02-07 20:27:49.121 INFO  Searched for ChIJr6W3-yenyhQR2qRv2p794TY - ChIJr6W3-yenyhQR2qRv2p794TY 
2020-02-07 20:28:20.127 INFO  Searched for ChIJr6W3-yenyhQR2qRv2p794TY - ChIJr6W3-yenyhQR2qRv2p794TY 
2020-02-07 20:28:20.127 INFO  Searched for ChIJr6W3-yenyhQR2qRv2p794TY - ChIJr6W3-yenyhQR2qRv2p794TY 
2020-02-07 20:28:37.061 INFO  Searched for ChIJr6W3-yenyhQR2qRv2p794TY - ChIJr6W3-yenyhQR2qRv2p794TY 
2020-02-07 20:28:37.061 INFO  Searched for ChIJr6W3-yenyhQR2qRv2p794TY - ChIJr6W3-yenyhQR2qRv2p794TY 
2020-02-07 20:28:44.625 INFO  Searched for ChIJr6W3-yenyhQR2qRv2p794TY - ChIJr6W3-yenyhQR2qRv2p794TY 
2020-02-07 20:28:44.626 INFO  Searched for ChIJr6W3-yenyhQR2qRv2p794TY - ChIJr6W3-yenyhQR2qRv2p794TY 
2020-02-07 20:28:54.806 INFO  Searched for ChIJr6W3-yenyhQR2qRv2p794TY - ChIJr6W3-yenyhQR2qRv2p794TY 
2020-02-07 20:28:54.806 INFO  Searched for ChIJr6W3-yenyhQR2qRv2p794TY - ChIJr6W3-yenyhQR2qRv2p794TY 
2020-02-07 20:29:02.848 INFO  Searched for ChIJr6W3-yenyhQR2qRv2p794TY - ChIJr6W3-yenyhQR2qRv2p794TY 
2020-02-07 20:29:02.848 INFO  Searched for ChIJr6W3-yenyhQR2qRv2p794TY - ChIJr6W3-yenyhQR2qRv2p794TY 
2020-02-07 20:29:57.833 INFO  Searched for ChIJr6W3-yenyhQR2qRv2p794TY - ChIJr6W3-yenyhQR2qRv2p794TY 
2020-02-07 20:29:57.833 INFO  Searched for ChIJr6W3-yenyhQR2qRv2p794TY - ChIJr6W3-yenyhQR2qRv2p794TY 
2020-02-07 20:30:04.680 INFO  Searched for ChIJr6W3-yenyhQR2qRv2p794TY - ChIJr6W3-yenyhQR2qRv2p794TY 
2020-02-07 20:30:04.680 INFO  Searched for ChIJr6W3-yenyhQR2qRv2p794TY - ChIJr6W3-yenyhQR2qRv2p794TY 
2020-02-08 00:02:54.837 INFO  Searched for ChIJr6W3-yenyhQR2qRv2p794TY - ChIJr6W3-yenyhQR2qRv2p794TY 
2020-02-08 00:02:54.837 INFO  Searched for ChIJr6W3-yenyhQR2qRv2p794TY - ChIJr6W3-yenyhQR2qRv2p794TY 
